mode: atomic
github.com/zscaler/terraform-provider-zia/v2/zia/common.go:15.72,23.18 2 8
github.com/zscaler/terraform-provider-zia/v2/zia/common.go:23.18,25.3 1 0
github.com/zscaler/terraform-provider-zia/v2/zia/common.go:26.2,37.3 1 8
github.com/zscaler/terraform-provider-zia/v2/zia/common.go:40.52,42.2 1 8
github.com/zscaler/terraform-provider-zia/v2/zia/common.go:44.72,52.38 2 240
github.com/zscaler/terraform-provider-zia/v2/zia/common.go:52.38,54.3 1 148
github.com/zscaler/terraform-provider-zia/v2/zia/common.go:55.2,66.3 1 240
github.com/zscaler/terraform-provider-zia/v2/zia/common.go:69.62,84.2 1 12
github.com/zscaler/terraform-provider-zia/v2/zia/common.go:86.77,108.2 1 20
github.com/zscaler/terraform-provider-zia/v2/zia/common.go:110.81,132.38 2 8
github.com/zscaler/terraform-provider-zia/v2/zia/common.go:132.38,134.3 1 8
github.com/zscaler/terraform-provider-zia/v2/zia/common.go:136.2,136.15 1 8
github.com/zscaler/terraform-provider-zia/v2/zia/common.go:139.96,141.8 2 0
github.com/zscaler/terraform-provider-zia/v2/zia/common.go:141.8,144.35 3 0
github.com/zscaler/terraform-provider-zia/v2/zia/common.go:144.35,146.22 2 0
github.com/zscaler/terraform-provider-zia/v2/zia/common.go:146.22,147.54 1 0
github.com/zscaler/terraform-provider-zia/v2/zia/common.go:147.54,151.6 1 0
github.com/zscaler/terraform-provider-zia/v2/zia/common.go:154.3,154.16 1 0
github.com/zscaler/terraform-provider-zia/v2/zia/common.go:156.2,156.36 1 0
github.com/zscaler/terraform-provider-zia/v2/zia/common.go:159.91,160.31 1 9
github.com/zscaler/terraform-provider-zia/v2/zia/common.go:160.31,162.23 2 0
github.com/zscaler/terraform-provider-zia/v2/zia/common.go:162.23,163.60 1 0
github.com/zscaler/terraform-provider-zia/v2/zia/common.go:163.60,167.5 1 0
github.com/zscaler/terraform-provider-zia/v2/zia/common.go:170.2,170.12 1 9
github.com/zscaler/terraform-provider-zia/v2/zia/common.go:173.94,175.8 2 81
github.com/zscaler/terraform-provider-zia/v2/zia/common.go:175.8,178.35 3 45
github.com/zscaler/terraform-provider-zia/v2/zia/common.go:178.35,180.46 2 45
github.com/zscaler/terraform-provider-zia/v2/zia/common.go:180.46,182.35 2 45
github.com/zscaler/terraform-provider-zia/v2/zia/common.go:182.35,186.6 1 72
github.com/zscaler/terraform-provider-zia/v2/zia/common.go:189.3,189.16 1 45
github.com/zscaler/terraform-provider-zia/v2/zia/common.go:191.2,191.36 1 36
github.com/zscaler/terraform-provider-zia/v2/zia/common.go:194.74,196.9 2 3
github.com/zscaler/terraform-provider-zia/v2/zia/common.go:196.9,198.3 1 0
github.com/zscaler/terraform-provider-zia/v2/zia/common.go:199.2,200.9 2 3
github.com/zscaler/terraform-provider-zia/v2/zia/common.go:200.9,202.3 1 0
github.com/zscaler/terraform-provider-zia/v2/zia/common.go:203.2,203.33 1 3
github.com/zscaler/terraform-provider-zia/v2/zia/common.go:203.33,206.10 3 3
github.com/zscaler/terraform-provider-zia/v2/zia/common.go:206.10,208.4 1 0
github.com/zscaler/terraform-provider-zia/v2/zia/common.go:209.3,215.4 1 3
github.com/zscaler/terraform-provider-zia/v2/zia/common.go:217.2,217.12 1 0
github.com/zscaler/terraform-provider-zia/v2/zia/common.go:220.63,224.28 4 104
github.com/zscaler/terraform-provider-zia/v2/zia/common.go:224.28,226.3 1 104
github.com/zscaler/terraform-provider-zia/v2/zia/common.go:227.2,229.15 3 104
github.com/zscaler/terraform-provider-zia/v2/zia/common.go:232.78,234.31 2 0
github.com/zscaler/terraform-provider-zia/v2/zia/common.go:234.31,240.3 4 0
github.com/zscaler/terraform-provider-zia/v2/zia/common.go:241.2,241.22 1 0
github.com/zscaler/terraform-provider-zia/v2/zia/common.go:244.89,246.13 2 0
github.com/zscaler/terraform-provider-zia/v2/zia/common.go:246.13,248.3 1 0
github.com/zscaler/terraform-provider-zia/v2/zia/common.go:250.2,252.32 3 0
github.com/zscaler/terraform-provider-zia/v2/zia/common.go:252.32,260.3 3 0
github.com/zscaler/terraform-provider-zia/v2/zia/common.go:261.2,261.15 1 0
github.com/zscaler/terraform-provider-zia/v2/zia/common.go:264.76,266.27 2 208
github.com/zscaler/terraform-provider-zia/v2/zia/common.go:266.27,271.28 2 169
github.com/zscaler/terraform-provider-zia/v2/zia/common.go:271.28,273.4 1 0
github.com/zscaler/terraform-provider-zia/v2/zia/common.go:274.3,274.23 1 169
github.com/zscaler/terraform-provider-zia/v2/zia/common.go:276.2,276.22 1 208
github.com/zscaler/terraform-provider-zia/v2/zia/common.go:279.72,281.27 2 180
github.com/zscaler/terraform-provider-zia/v2/zia/common.go:281.27,287.3 1 143
github.com/zscaler/terraform-provider-zia/v2/zia/common.go:288.2,288.22 1 180
github.com/zscaler/terraform-provider-zia/v2/zia/common.go:291.86,293.87 2 63
github.com/zscaler/terraform-provider-zia/v2/zia/common.go:293.87,299.3 1 40
github.com/zscaler/terraform-provider-zia/v2/zia/common.go:300.2,300.22 1 63
github.com/zscaler/terraform-provider-zia/v2/zia/common.go:303.66,304.41 1 24
github.com/zscaler/terraform-provider-zia/v2/zia/common.go:304.41,306.3 1 24
github.com/zscaler/terraform-provider-zia/v2/zia/common.go:307.2,311.3 1 0
github.com/zscaler/terraform-provider-zia/v2/zia/common.go:314.79,315.17 1 88
github.com/zscaler/terraform-provider-zia/v2/zia/common.go:315.17,317.3 1 40
github.com/zscaler/terraform-provider-zia/v2/zia/common.go:318.2,319.28 2 48
github.com/zscaler/terraform-provider-zia/v2/zia/common.go:319.28,320.38 1 88
github.com/zscaler/terraform-provider-zia/v2/zia/common.go:320.38,321.12 1 0
github.com/zscaler/terraform-provider-zia/v2/zia/common.go:323.3,323.29 1 88
github.com/zscaler/terraform-provider-zia/v2/zia/common.go:325.2,329.3 1 48
github.com/zscaler/terraform-provider-zia/v2/zia/common.go:333.60,335.19 2 0
github.com/zscaler/terraform-provider-zia/v2/zia/common.go:335.19,340.3 1 0
github.com/zscaler/terraform-provider-zia/v2/zia/common.go:341.2,341.18 1 0
github.com/zscaler/terraform-provider-zia/v2/zia/common.go:345.73,347.34 2 0
github.com/zscaler/terraform-provider-zia/v2/zia/common.go:347.34,349.3 1 0
github.com/zscaler/terraform-provider-zia/v2/zia/common.go:353.2,353.38 1 0
github.com/zscaler/terraform-provider-zia/v2/zia/common.go:353.38,359.3 2 0
github.com/zscaler/terraform-provider-zia/v2/zia/common.go:361.2,361.12 1 0
github.com/zscaler/terraform-provider-zia/v2/zia/common.go:365.74,366.27 1 42
github.com/zscaler/terraform-provider-zia/v2/zia/common.go:366.27,368.3 1 42
github.com/zscaler/terraform-provider-zia/v2/zia/common.go:370.2,371.36 2 0
github.com/zscaler/terraform-provider-zia/v2/zia/common.go:371.36,376.3 4 0
github.com/zscaler/terraform-provider-zia/v2/zia/common.go:378.2,378.15 1 0
github.com/zscaler/terraform-provider-zia/v2/zia/common.go:382.79,384.31 1 6
github.com/zscaler/terraform-provider-zia/v2/zia/common.go:384.31,390.59 3 0
github.com/zscaler/terraform-provider-zia/v2/zia/common.go:390.59,397.4 3 0
github.com/zscaler/terraform-provider-zia/v2/zia/common.go:399.3,399.24 1 0
github.com/zscaler/terraform-provider-zia/v2/zia/common.go:403.2,403.26 1 6
github.com/zscaler/terraform-provider-zia/v2/zia/common.go:406.83,408.27 2 39
github.com/zscaler/terraform-provider-zia/v2/zia/common.go:408.27,414.3 1 26
github.com/zscaler/terraform-provider-zia/v2/zia/common.go:415.2,415.21 1 39
github.com/zscaler/terraform-provider-zia/v2/zia/common.go:418.73,420.22 2 26
github.com/zscaler/terraform-provider-zia/v2/zia/common.go:420.22,426.3 1 26
github.com/zscaler/terraform-provider-zia/v2/zia/common.go:427.2,427.16 1 26
github.com/zscaler/terraform-provider-zia/v2/zia/common.go:430.81,432.27 2 21
github.com/zscaler/terraform-provider-zia/v2/zia/common.go:432.27,437.32 2 21
github.com/zscaler/terraform-provider-zia/v2/zia/common.go:437.32,439.4 1 21
github.com/zscaler/terraform-provider-zia/v2/zia/common.go:440.3,440.32 1 21
github.com/zscaler/terraform-provider-zia/v2/zia/common.go:440.32,442.4 1 0
github.com/zscaler/terraform-provider-zia/v2/zia/common.go:443.3,443.36 1 21
github.com/zscaler/terraform-provider-zia/v2/zia/common.go:443.36,445.4 1 0
github.com/zscaler/terraform-provider-zia/v2/zia/common.go:446.3,446.39 1 21
github.com/zscaler/terraform-provider-zia/v2/zia/common.go:448.2,448.19 1 21
github.com/zscaler/terraform-provider-zia/v2/zia/common.go:451.61,471.2 1 16
github.com/zscaler/terraform-provider-zia/v2/zia/common.go:473.57,491.2 1 16
github.com/zscaler/terraform-provider-zia/v2/zia/common.go:493.78,495.28 2 212
github.com/zscaler/terraform-provider-zia/v2/zia/common.go:495.28,500.3 1 126
github.com/zscaler/terraform-provider-zia/v2/zia/common.go:501.2,501.17 1 212
github.com/zscaler/terraform-provider-zia/v2/zia/common.go:504.92,506.44 2 12
github.com/zscaler/terraform-provider-zia/v2/zia/common.go:506.44,508.10 2 6
github.com/zscaler/terraform-provider-zia/v2/zia/common.go:508.10,511.4 2 0
github.com/zscaler/terraform-provider-zia/v2/zia/common.go:512.3,513.38 2 6
github.com/zscaler/terraform-provider-zia/v2/zia/common.go:513.38,519.4 2 18
github.com/zscaler/terraform-provider-zia/v2/zia/common.go:521.2,521.14 1 12
github.com/zscaler/terraform-provider-zia/v2/zia/common.go:524.40,534.2 1 8
github.com/zscaler/terraform-provider-zia/v2/zia/common.go:536.42,543.2 1 4
github.com/zscaler/terraform-provider-zia/v2/zia/common.go:545.44,555.2 1 8
github.com/zscaler/terraform-provider-zia/v2/zia/common.go:557.44,567.2 1 4
github.com/zscaler/terraform-provider-zia/v2/zia/common.go:569.39,580.2 1 4
github.com/zscaler/terraform-provider-zia/v2/zia/common.go:582.46,592.2 1 4
github.com/zscaler/terraform-provider-zia/v2/zia/common.go:594.41,605.2 1 4
github.com/zscaler/terraform-provider-zia/v2/zia/common.go:606.54,614.2 1 4
github.com/zscaler/terraform-provider-zia/v2/zia/common.go:616.54,624.2 1 4
github.com/zscaler/terraform-provider-zia/v2/zia/common.go:626.47,637.2 1 12
github.com/zscaler/terraform-provider-zia/v2/zia/common.go:639.54,650.2 1 4
github.com/zscaler/terraform-provider-zia/v2/zia/common.go:652.53,659.2 1 4
github.com/zscaler/terraform-provider-zia/v2/zia/common.go:661.74,664.33 3 2
github.com/zscaler/terraform-provider-zia/v2/zia/common.go:664.33,667.3 2 2
github.com/zscaler/terraform-provider-zia/v2/zia/common.go:668.2,669.11 2 2
github.com/zscaler/terraform-provider-zia/v2/zia/common.go:694.40,694.57 1 2
github.com/zscaler/terraform-provider-zia/v2/zia/common.go:695.50,696.30 1 0
github.com/zscaler/terraform-provider-zia/v2/zia/common.go:696.30,698.3 1 0
github.com/zscaler/terraform-provider-zia/v2/zia/common.go:699.2,699.32 1 0
github.com/zscaler/terraform-provider-zia/v2/zia/common.go:701.45,701.72 1 0
github.com/zscaler/terraform-provider-zia/v2/zia/common.go:703.107,707.6 4 2
github.com/zscaler/terraform-provider-zia/v2/zia/common.go:707.6,708.10 1 18
github.com/zscaler/terraform-provider-zia/v2/zia/common.go:709.19,714.49 4 6
github.com/zscaler/terraform-provider-zia/v2/zia/common.go:714.49,715.16 1 6
github.com/zscaler/terraform-provider-zia/v2/zia/common.go:715.16,717.6 1 0
github.com/zscaler/terraform-provider-zia/v2/zia/common.go:719.4,720.88 2 6
github.com/zscaler/terraform-provider-zia/v2/zia/common.go:720.88,726.30 4 2
github.com/zscaler/terraform-provider-zia/v2/zia/common.go:726.30,727.26 1 2
github.com/zscaler/terraform-provider-zia/v2/zia/common.go:727.26,728.56 1 2
github.com/zscaler/terraform-provider-zia/v2/zia/common.go:728.56,730.8 1 0
github.com/zscaler/terraform-provider-zia/v2/zia/common.go:733.5,734.11 2 2
github.com/zscaler/terraform-provider-zia/v2/zia/common.go:736.4,736.18 1 4
github.com/zscaler/terraform-provider-zia/v2/zia/common.go:737.11,738.31 1 12
github.com/zscaler/terraform-provider-zia/v2/zia/common.go:743.55,749.2 5 6
github.com/zscaler/terraform-provider-zia/v2/zia/common.go:751.119,754.28 3 6
github.com/zscaler/terraform-provider-zia/v2/zia/common.go:754.28,757.3 2 1
github.com/zscaler/terraform-provider-zia/v2/zia/common.go:758.2,758.46 1 6
github.com/zscaler/terraform-provider-zia/v2/zia/common.go:758.46,760.3 1 4
github.com/zscaler/terraform-provider-zia/v2/zia/common.go:760.8,763.3 2 2
github.com/zscaler/terraform-provider-zia/v2/zia/common.go:764.2,764.42 1 6
github.com/zscaler/terraform-provider-zia/v2/zia/common.go:764.42,766.3 1 2
github.com/zscaler/terraform-provider-zia/v2/zia/common.go:767.2,769.23 3 6
github.com/zscaler/terraform-provider-zia/v2/zia/common.go:769.23,773.3 2 2
github.com/zscaler/terraform-provider-zia/v2/zia/config.go:56.13,59.2 1 1
github.com/zscaler/terraform-provider-zia/v2/zia/config.go:119.44,121.16 2 642
github.com/zscaler/terraform-provider-zia/v2/zia/config.go:121.16,123.3 1 0
github.com/zscaler/terraform-provider-zia/v2/zia/config.go:125.2,176.23 3 642
github.com/zscaler/terraform-provider-zia/v2/zia/data_source_zia_activation_status.go:9.52,19.2 1 4
github.com/zscaler/terraform-provider-zia/v2/zia/data_source_zia_activation_status.go:21.82,25.16 3 5
github.com/zscaler/terraform-provider-zia/v2/zia/data_source_zia_activation_status.go:25.16,27.3 1 0
github.com/zscaler/terraform-provider-zia/v2/zia/data_source_zia_activation_status.go:29.2,29.17 1 5
github.com/zscaler/terraform-provider-zia/v2/zia/data_source_zia_activation_status.go:29.17,33.3 2 5
github.com/zscaler/terraform-provider-zia/v2/zia/data_source_zia_activation_status.go:33.8,35.3 1 0
github.com/zscaler/terraform-provider-zia/v2/zia/data_source_zia_activation_status.go:37.2,37.12 1 5
github.com/zscaler/terraform-provider-zia/v2/zia/data_source_zia_admin_roles.go:11.46,88.2 1 4
github.com/zscaler/terraform-provider-zia/v2/zia/data_source_zia_admin_roles.go:90.76,95.8 4 36
github.com/zscaler/terraform-provider-zia/v2/zia/data_source_zia_admin_roles.go:95.8,98.17 3 0
github.com/zscaler/terraform-provider-zia/v2/zia/data_source_zia_admin_roles.go:98.17,100.4 1 0
github.com/zscaler/terraform-provider-zia/v2/zia/data_source_zia_admin_roles.go:101.3,101.13 1 0
github.com/zscaler/terraform-provider-zia/v2/zia/data_source_zia_admin_roles.go:103.2,104.31 2 36
github.com/zscaler/terraform-provider-zia/v2/zia/data_source_zia_admin_roles.go:104.31,107.17 3 36
github.com/zscaler/terraform-provider-zia/v2/zia/data_source_zia_admin_roles.go:107.17,109.4 1 0
github.com/zscaler/terraform-provider-zia/v2/zia/data_source_zia_admin_roles.go:110.3,110.13 1 36
github.com/zscaler/terraform-provider-zia/v2/zia/data_source_zia_admin_roles.go:113.2,113.17 1 36
github.com/zscaler/terraform-provider-zia/v2/zia/data_source_zia_admin_roles.go:113.17,130.3 15 36
github.com/zscaler/terraform-provider-zia/v2/zia/data_source_zia_admin_roles.go:130.8,132.3 1 0
github.com/zscaler/terraform-provider-zia/v2/zia/data_source_zia_admin_roles.go:134.2,134.12 1 36
github.com/zscaler/terraform-provider-zia/v2/zia/data_source_zia_admin_users.go:11.46,205.2 1 4
github.com/zscaler/terraform-provider-zia/v2/zia/data_source_zia_admin_users.go:207.76,212.8 4 13
github.com/zscaler/terraform-provider-zia/v2/zia/data_source_zia_admin_users.go:212.8,215.17 3 13
github.com/zscaler/terraform-provider-zia/v2/zia/data_source_zia_admin_users.go:215.17,217.4 1 0
github.com/zscaler/terraform-provider-zia/v2/zia/data_source_zia_admin_users.go:218.3,218.13 1 13
github.com/zscaler/terraform-provider-zia/v2/zia/data_source_zia_admin_users.go:220.2,221.36 2 13
github.com/zscaler/terraform-provider-zia/v2/zia/data_source_zia_admin_users.go:221.36,224.17 3 0
github.com/zscaler/terraform-provider-zia/v2/zia/data_source_zia_admin_users.go:224.17,226.4 1 0
github.com/zscaler/terraform-provider-zia/v2/zia/data_source_zia_admin_users.go:227.3,227.13 1 0
github.com/zscaler/terraform-provider-zia/v2/zia/data_source_zia_admin_users.go:230.2,231.35 2 13
github.com/zscaler/terraform-provider-zia/v2/zia/data_source_zia_admin_users.go:231.35,234.17 3 0
github.com/zscaler/terraform-provider-zia/v2/zia/data_source_zia_admin_users.go:234.17,236.4 1 0
github.com/zscaler/terraform-provider-zia/v2/zia/data_source_zia_admin_users.go:237.3,237.13 1 0
github.com/zscaler/terraform-provider-zia/v2/zia/data_source_zia_admin_users.go:240.2,240.17 1 13
github.com/zscaler/terraform-provider-zia/v2/zia/data_source_zia_admin_users.go:240.17,257.72 16 13
github.com/zscaler/terraform-provider-zia/v2/zia/data_source_zia_admin_users.go:257.72,259.4 1 0
github.com/zscaler/terraform-provider-zia/v2/zia/data_source_zia_admin_users.go:261.3,261.71 1 13
github.com/zscaler/terraform-provider-zia/v2/zia/data_source_zia_admin_users.go:261.71,263.4 1 0
github.com/zscaler/terraform-provider-zia/v2/zia/data_source_zia_admin_users.go:265.3,265.91 1 13
github.com/zscaler/terraform-provider-zia/v2/zia/data_source_zia_admin_users.go:265.91,267.4 1 0
github.com/zscaler/terraform-provider-zia/v2/zia/data_source_zia_admin_users.go:268.8,270.3 1 0
github.com/zscaler/terraform-provider-zia/v2/zia/data_source_zia_admin_users.go:272.2,272.12 1 13
github.com/zscaler/terraform-provider-zia/v2/zia/data_source_zia_admin_users.go:275.58,283.2 1 13
github.com/zscaler/terraform-provider-zia/v2/zia/data_source_zia_admin_users.go:285.65,293.2 3 13
github.com/zscaler/terraform-provider-zia/v2/zia/data_source_zia_admin_users.go:295.83,297.68 2 13
github.com/zscaler/terraform-provider-zia/v2/zia/data_source_zia_admin_users.go:297.68,309.3 1 0
github.com/zscaler/terraform-provider-zia/v2/zia/data_source_zia_admin_users.go:311.2,311.28 1 13
github.com/zscaler/terraform-provider-zia/v2/zia/data_source_zia_application_services_group_lite.go:11.66,32.2 1 4
github.com/zscaler/terraform-provider-zia/v2/zia/data_source_zia_application_services_group_lite.go:34.96,39.8 4 25
github.com/zscaler/terraform-provider-zia/v2/zia/data_source_zia_application_services_group_lite.go:39.8,42.17 3 0
github.com/zscaler/terraform-provider-zia/v2/zia/data_source_zia_application_services_group_lite.go:42.17,44.4 1 0
github.com/zscaler/terraform-provider-zia/v2/zia/data_source_zia_application_services_group_lite.go:45.3,45.13 1 0
github.com/zscaler/terraform-provider-zia/v2/zia/data_source_zia_application_services_group_lite.go:47.2,48.31 2 25
github.com/zscaler/terraform-provider-zia/v2/zia/data_source_zia_application_services_group_lite.go:48.31,51.17 3 25
github.com/zscaler/terraform-provider-zia/v2/zia/data_source_zia_application_services_group_lite.go:51.17,53.4 1 0
github.com/zscaler/terraform-provider-zia/v2/zia/data_source_zia_application_services_group_lite.go:54.3,54.13 1 25
github.com/zscaler/terraform-provider-zia/v2/zia/data_source_zia_application_services_group_lite.go:57.2,57.17 1 25
github.com/zscaler/terraform-provider-zia/v2/zia/data_source_zia_application_services_group_lite.go:57.17,62.3 3 25
github.com/zscaler/terraform-provider-zia/v2/zia/data_source_zia_application_services_group_lite.go:62.8,64.3 1 0
github.com/zscaler/terraform-provider-zia/v2/zia/data_source_zia_application_services_group_lite.go:66.2,66.12 1 25
github.com/zscaler/terraform-provider-zia/v2/zia/data_source_zia_application_services_lite.go:11.61,32.2 1 4
github.com/zscaler/terraform-provider-zia/v2/zia/data_source_zia_application_services_lite.go:34.91,39.8 4 65
github.com/zscaler/terraform-provider-zia/v2/zia/data_source_zia_application_services_lite.go:39.8,42.17 3 0
github.com/zscaler/terraform-provider-zia/v2/zia/data_source_zia_application_services_lite.go:42.17,44.4 1 0
github.com/zscaler/terraform-provider-zia/v2/zia/data_source_zia_application_services_lite.go:45.3,45.13 1 0
github.com/zscaler/terraform-provider-zia/v2/zia/data_source_zia_application_services_lite.go:47.2,48.31 2 65
github.com/zscaler/terraform-provider-zia/v2/zia/data_source_zia_application_services_lite.go:48.31,51.17 3 65
github.com/zscaler/terraform-provider-zia/v2/zia/data_source_zia_application_services_lite.go:51.17,53.4 1 0
github.com/zscaler/terraform-provider-zia/v2/zia/data_source_zia_application_services_lite.go:54.3,54.13 1 65
github.com/zscaler/terraform-provider-zia/v2/zia/data_source_zia_application_services_lite.go:57.2,57.17 1 65
github.com/zscaler/terraform-provider-zia/v2/zia/data_source_zia_application_services_lite.go:57.17,62.3 3 65
github.com/zscaler/terraform-provider-zia/v2/zia/data_source_zia_application_services_lite.go:62.8,64.3 1 0
github.com/zscaler/terraform-provider-zia/v2/zia/data_source_zia_application_services_lite.go:66.2,66.12 1 65
github.com/zscaler/terraform-provider-zia/v2/zia/data_source_zia_auth_settings_urls.go:7.52,18.2 1 4
github.com/zscaler/terraform-provider-zia/v2/zia/data_source_zia_auth_settings_urls.go:20.82,23.16 3 5
github.com/zscaler/terraform-provider-zia/v2/zia/data_source_zia_auth_settings_urls.go:23.16,25.3 1 0
github.com/zscaler/terraform-provider-zia/v2/zia/data_source_zia_auth_settings_urls.go:26.2,28.12 3 5
github.com/zscaler/terraform-provider-zia/v2/zia/data_source_zia_cloud_browser_isolation_profile.go:11.46,37.2 1 4
github.com/zscaler/terraform-provider-zia/v2/zia/data_source_zia_cloud_browser_isolation_profile.go:39.76,44.20 4 25
github.com/zscaler/terraform-provider-zia/v2/zia/data_source_zia_cloud_browser_isolation_profile.go:44.20,47.17 3 0
github.com/zscaler/terraform-provider-zia/v2/zia/data_source_zia_cloud_browser_isolation_profile.go:47.17,49.4 1 0
github.com/zscaler/terraform-provider-zia/v2/zia/data_source_zia_cloud_browser_isolation_profile.go:50.3,50.13 1 0
github.com/zscaler/terraform-provider-zia/v2/zia/data_source_zia_cloud_browser_isolation_profile.go:52.2,53.34 2 25
github.com/zscaler/terraform-provider-zia/v2/zia/data_source_zia_cloud_browser_isolation_profile.go:53.34,56.17 3 25
github.com/zscaler/terraform-provider-zia/v2/zia/data_source_zia_cloud_browser_isolation_profile.go:56.17,58.4 1 0
github.com/zscaler/terraform-provider-zia/v2/zia/data_source_zia_cloud_browser_isolation_profile.go:59.3,59.13 1 25
github.com/zscaler/terraform-provider-zia/v2/zia/data_source_zia_cloud_browser_isolation_profile.go:61.2,61.17 1 25
github.com/zscaler/terraform-provider-zia/v2/zia/data_source_zia_cloud_browser_isolation_profile.go:61.17,67.3 4 25
github.com/zscaler/terraform-provider-zia/v2/zia/data_source_zia_cloud_browser_isolation_profile.go:67.8,69.3 1 0
github.com/zscaler/terraform-provider-zia/v2/zia/data_source_zia_cloud_browser_isolation_profile.go:71.2,71.12 1 25
github.com/zscaler/terraform-provider-zia/v2/zia/data_source_zia_device_group.go:11.48,57.2 1 4
github.com/zscaler/terraform-provider-zia/v2/zia/data_source_zia_device_group.go:59.78,64.8 4 30
github.com/zscaler/terraform-provider-zia/v2/zia/data_source_zia_device_group.go:64.8,67.17 3 0
github.com/zscaler/terraform-provider-zia/v2/zia/data_source_zia_device_group.go:67.17,69.4 1 0
github.com/zscaler/terraform-provider-zia/v2/zia/data_source_zia_device_group.go:70.3,70.13 1 0
github.com/zscaler/terraform-provider-zia/v2/zia/data_source_zia_device_group.go:72.2,73.31 2 30
github.com/zscaler/terraform-provider-zia/v2/zia/data_source_zia_device_group.go:73.31,76.17 3 30
github.com/zscaler/terraform-provider-zia/v2/zia/data_source_zia_device_group.go:76.17,78.4 1 0
github.com/zscaler/terraform-provider-zia/v2/zia/data_source_zia_device_group.go:79.3,79.13 1 30
github.com/zscaler/terraform-provider-zia/v2/zia/data_source_zia_device_group.go:82.2,82.17 1 30
github.com/zscaler/terraform-provider-zia/v2/zia/data_source_zia_device_group.go:82.17,92.3 8 30
github.com/zscaler/terraform-provider-zia/v2/zia/data_source_zia_device_group.go:92.8,94.3 1 0
github.com/zscaler/terraform-provider-zia/v2/zia/data_source_zia_device_group.go:96.2,96.12 1 30
github.com/zscaler/terraform-provider-zia/v2/zia/data_source_zia_devices.go:11.43,68.2 1 4
github.com/zscaler/terraform-provider-zia/v2/zia/data_source_zia_devices.go:70.73,75.8 4 0
github.com/zscaler/terraform-provider-zia/v2/zia/data_source_zia_devices.go:75.8,78.17 3 0
github.com/zscaler/terraform-provider-zia/v2/zia/data_source_zia_devices.go:78.17,80.4 1 0
github.com/zscaler/terraform-provider-zia/v2/zia/data_source_zia_devices.go:81.3,81.13 1 0
github.com/zscaler/terraform-provider-zia/v2/zia/data_source_zia_devices.go:83.2,84.31 2 0
github.com/zscaler/terraform-provider-zia/v2/zia/data_source_zia_devices.go:84.31,87.17 3 0
github.com/zscaler/terraform-provider-zia/v2/zia/data_source_zia_devices.go:87.17,89.4 1 0
github.com/zscaler/terraform-provider-zia/v2/zia/data_source_zia_devices.go:90.3,90.13 1 0
github.com/zscaler/terraform-provider-zia/v2/zia/data_source_zia_devices.go:93.2,94.32 2 0
github.com/zscaler/terraform-provider-zia/v2/zia/data_source_zia_devices.go:94.32,97.17 3 0
github.com/zscaler/terraform-provider-zia/v2/zia/data_source_zia_devices.go:97.17,99.4 1 0
github.com/zscaler/terraform-provider-zia/v2/zia/data_source_zia_devices.go:100.3,100.13 1 0
github.com/zscaler/terraform-provider-zia/v2/zia/data_source_zia_devices.go:103.2,104.32 2 0
github.com/zscaler/terraform-provider-zia/v2/zia/data_source_zia_devices.go:104.32,107.17 3 0
github.com/zscaler/terraform-provider-zia/v2/zia/data_source_zia_devices.go:107.17,109.4 1 0
github.com/zscaler/terraform-provider-zia/v2/zia/data_source_zia_devices.go:110.3,110.13 1 0
github.com/zscaler/terraform-provider-zia/v2/zia/data_source_zia_devices.go:113.2,114.33 2 0
github.com/zscaler/terraform-provider-zia/v2/zia/data_source_zia_devices.go:114.33,117.17 3 0
github.com/zscaler/terraform-provider-zia/v2/zia/data_source_zia_devices.go:117.17,119.4 1 0
github.com/zscaler/terraform-provider-zia/v2/zia/data_source_zia_devices.go:120.3,120.13 1 0
github.com/zscaler/terraform-provider-zia/v2/zia/data_source_zia_devices.go:123.2,124.36 2 0
github.com/zscaler/terraform-provider-zia/v2/zia/data_source_zia_devices.go:124.36,127.17 3 0
github.com/zscaler/terraform-provider-zia/v2/zia/data_source_zia_devices.go:127.17,129.4 1 0
github.com/zscaler/terraform-provider-zia/v2/zia/data_source_zia_devices.go:130.3,130.13 1 0
github.com/zscaler/terraform-provider-zia/v2/zia/data_source_zia_devices.go:133.2,133.17 1 0
github.com/zscaler/terraform-provider-zia/v2/zia/data_source_zia_devices.go:133.17,144.3 9 0
github.com/zscaler/terraform-provider-zia/v2/zia/data_source_zia_devices.go:144.8,146.3 1 0
github.com/zscaler/terraform-provider-zia/v2/zia/data_source_zia_devices.go:148.2,148.12 1 0
github.com/zscaler/terraform-provider-zia/v2/zia/data_source_zia_dlp_dictionaries.go:12.51,198.2 1 4
github.com/zscaler/terraform-provider-zia/v2/zia/data_source_zia_dlp_dictionaries.go:200.81,205.8 4 13
github.com/zscaler/terraform-provider-zia/v2/zia/data_source_zia_dlp_dictionaries.go:205.8,208.17 3 13
github.com/zscaler/terraform-provider-zia/v2/zia/data_source_zia_dlp_dictionaries.go:208.17,210.4 1 0
github.com/zscaler/terraform-provider-zia/v2/zia/data_source_zia_dlp_dictionaries.go:211.3,211.13 1 13
github.com/zscaler/terraform-provider-zia/v2/zia/data_source_zia_dlp_dictionaries.go:213.2,214.31 2 13
github.com/zscaler/terraform-provider-zia/v2/zia/data_source_zia_dlp_dictionaries.go:214.31,217.17 3 0
github.com/zscaler/terraform-provider-zia/v2/zia/data_source_zia_dlp_dictionaries.go:217.17,219.4 1 0
github.com/zscaler/terraform-provider-zia/v2/zia/data_source_zia_dlp_dictionaries.go:220.3,220.13 1 0
github.com/zscaler/terraform-provider-zia/v2/zia/data_source_zia_dlp_dictionaries.go:223.2,223.17 1 13
github.com/zscaler/terraform-provider-zia/v2/zia/data_source_zia_dlp_dictionaries.go:223.17,240.64 17 13
github.com/zscaler/terraform-provider-zia/v2/zia/data_source_zia_dlp_dictionaries.go:240.64,242.4 1 0
github.com/zscaler/terraform-provider-zia/v2/zia/data_source_zia_dlp_dictionaries.go:244.3,244.66 1 13
github.com/zscaler/terraform-provider-zia/v2/zia/data_source_zia_dlp_dictionaries.go:244.66,246.4 1 0
github.com/zscaler/terraform-provider-zia/v2/zia/data_source_zia_dlp_dictionaries.go:247.3,247.84 1 13
github.com/zscaler/terraform-provider-zia/v2/zia/data_source_zia_dlp_dictionaries.go:247.84,249.4 1 0
github.com/zscaler/terraform-provider-zia/v2/zia/data_source_zia_dlp_dictionaries.go:250.3,250.99 1 13
github.com/zscaler/terraform-provider-zia/v2/zia/data_source_zia_dlp_dictionaries.go:250.99,252.4 1 0
github.com/zscaler/terraform-provider-zia/v2/zia/data_source_zia_dlp_dictionaries.go:254.8,256.3 1 0
github.com/zscaler/terraform-provider-zia/v2/zia/data_source_zia_dlp_dictionaries.go:258.2,258.12 1 13
github.com/zscaler/terraform-provider-zia/v2/zia/data_source_zia_dlp_dictionaries.go:261.75,263.38 2 21
github.com/zscaler/terraform-provider-zia/v2/zia/data_source_zia_dlp_dictionaries.go:263.38,268.3 1 42
github.com/zscaler/terraform-provider-zia/v2/zia/data_source_zia_dlp_dictionaries.go:270.2,270.19 1 21
github.com/zscaler/terraform-provider-zia/v2/zia/data_source_zia_dlp_dictionaries.go:273.77,275.40 2 21
github.com/zscaler/terraform-provider-zia/v2/zia/data_source_zia_dlp_dictionaries.go:275.40,280.3 1 42
github.com/zscaler/terraform-provider-zia/v2/zia/data_source_zia_dlp_dictionaries.go:282.2,282.20 1 21
github.com/zscaler/terraform-provider-zia/v2/zia/data_source_zia_dlp_dictionaries.go:285.74,287.42 2 21
github.com/zscaler/terraform-provider-zia/v2/zia/data_source_zia_dlp_dictionaries.go:287.42,295.3 1 0
github.com/zscaler/terraform-provider-zia/v2/zia/data_source_zia_dlp_dictionaries.go:297.2,297.19 1 21
github.com/zscaler/terraform-provider-zia/v2/zia/data_source_zia_dlp_dictionaries.go:300.87,302.50 2 13
github.com/zscaler/terraform-provider-zia/v2/zia/data_source_zia_dlp_dictionaries.go:302.50,304.31 2 0
github.com/zscaler/terraform-provider-zia/v2/zia/data_source_zia_dlp_dictionaries.go:304.31,306.4 1 0
github.com/zscaler/terraform-provider-zia/v2/zia/data_source_zia_dlp_dictionaries.go:308.3,311.4 1 0
github.com/zscaler/terraform-provider-zia/v2/zia/data_source_zia_dlp_dictionaries.go:314.2,314.34 1 13
github.com/zscaler/terraform-provider-zia/v2/zia/data_source_zia_dlp_edm_schema.go:11.48,225.2 1 4
github.com/zscaler/terraform-provider-zia/v2/zia/data_source_zia_dlp_edm_schema.go:227.78,232.8 4 10
github.com/zscaler/terraform-provider-zia/v2/zia/data_source_zia_dlp_edm_schema.go:232.8,235.17 3 0
github.com/zscaler/terraform-provider-zia/v2/zia/data_source_zia_dlp_edm_schema.go:235.17,237.4 1 0
github.com/zscaler/terraform-provider-zia/v2/zia/data_source_zia_dlp_edm_schema.go:238.3,238.13 1 0
github.com/zscaler/terraform-provider-zia/v2/zia/data_source_zia_dlp_edm_schema.go:240.2,241.38 2 10
github.com/zscaler/terraform-provider-zia/v2/zia/data_source_zia_dlp_edm_schema.go:241.38,244.17 3 10
github.com/zscaler/terraform-provider-zia/v2/zia/data_source_zia_dlp_edm_schema.go:244.17,246.4 1 0
github.com/zscaler/terraform-provider-zia/v2/zia/data_source_zia_dlp_edm_schema.go:247.3,247.13 1 10
github.com/zscaler/terraform-provider-zia/v2/zia/data_source_zia_dlp_edm_schema.go:250.2,250.17 1 10
github.com/zscaler/terraform-provider-zia/v2/zia/data_source_zia_dlp_edm_schema.go:250.17,264.93 13 10
github.com/zscaler/terraform-provider-zia/v2/zia/data_source_zia_dlp_edm_schema.go:264.93,266.4 1 0
github.com/zscaler/terraform-provider-zia/v2/zia/data_source_zia_dlp_edm_schema.go:267.3,267.86 1 10
github.com/zscaler/terraform-provider-zia/v2/zia/data_source_zia_dlp_edm_schema.go:267.86,269.4 1 0
github.com/zscaler/terraform-provider-zia/v2/zia/data_source_zia_dlp_edm_schema.go:271.3,271.86 1 10
github.com/zscaler/terraform-provider-zia/v2/zia/data_source_zia_dlp_edm_schema.go:271.86,273.4 1 0
github.com/zscaler/terraform-provider-zia/v2/zia/data_source_zia_dlp_edm_schema.go:274.3,274.72 1 10
github.com/zscaler/terraform-provider-zia/v2/zia/data_source_zia_dlp_edm_schema.go:274.72,276.4 1 0
github.com/zscaler/terraform-provider-zia/v2/zia/data_source_zia_dlp_edm_schema.go:277.3,277.79 1 10
github.com/zscaler/terraform-provider-zia/v2/zia/data_source_zia_dlp_edm_schema.go:277.79,279.4 1 0
github.com/zscaler/terraform-provider-zia/v2/zia/data_source_zia_dlp_edm_schema.go:280.8,282.3 1 0
github.com/zscaler/terraform-provider-zia/v2/zia/data_source_zia_dlp_edm_schema.go:284.2,284.12 1 10
github.com/zscaler/terraform-provider-zia/v2/zia/data_source_zia_dlp_edm_schema.go:287.80,289.36 2 10
github.com/zscaler/terraform-provider-zia/v2/zia/data_source_zia_dlp_edm_schema.go:289.36,298.3 1 30
github.com/zscaler/terraform-provider-zia/v2/zia/data_source_zia_dlp_edm_schema.go:300.2,300.18 1 10
github.com/zscaler/terraform-provider-zia/v2/zia/data_source_zia_dlp_edm_schema.go:303.94,312.2 8 10
github.com/zscaler/terraform-provider-zia/v2/zia/data_source_zia_dlp_engines.go:11.46,47.2 1 4
github.com/zscaler/terraform-provider-zia/v2/zia/data_source_zia_dlp_engines.go:49.76,54.8 4 29
github.com/zscaler/terraform-provider-zia/v2/zia/data_source_zia_dlp_engines.go:54.8,57.17 3 13
github.com/zscaler/terraform-provider-zia/v2/zia/data_source_zia_dlp_engines.go:57.17,59.4 1 0
github.com/zscaler/terraform-provider-zia/v2/zia/data_source_zia_dlp_engines.go:60.3,60.13 1 13
github.com/zscaler/terraform-provider-zia/v2/zia/data_source_zia_dlp_engines.go:62.2,63.31 2 29
github.com/zscaler/terraform-provider-zia/v2/zia/data_source_zia_dlp_engines.go:63.31,66.17 3 0
github.com/zscaler/terraform-provider-zia/v2/zia/data_source_zia_dlp_engines.go:66.17,68.4 1 0
github.com/zscaler/terraform-provider-zia/v2/zia/data_source_zia_dlp_engines.go:69.3,69.13 1 0
github.com/zscaler/terraform-provider-zia/v2/zia/data_source_zia_dlp_engines.go:72.2,73.37 2 29
github.com/zscaler/terraform-provider-zia/v2/zia/data_source_zia_dlp_engines.go:73.37,76.17 3 16
github.com/zscaler/terraform-provider-zia/v2/zia/data_source_zia_dlp_engines.go:76.17,78.4 1 0
github.com/zscaler/terraform-provider-zia/v2/zia/data_source_zia_dlp_engines.go:79.3,79.13 1 16
github.com/zscaler/terraform-provider-zia/v2/zia/data_source_zia_dlp_engines.go:82.2,82.17 1 29
github.com/zscaler/terraform-provider-zia/v2/zia/data_source_zia_dlp_engines.go:82.17,90.3 6 29
github.com/zscaler/terraform-provider-zia/v2/zia/data_source_zia_dlp_engines.go:90.8,92.3 1 0
github.com/zscaler/terraform-provider-zia/v2/zia/data_source_zia_dlp_engines.go:94.2,94.12 1 29
github.com/zscaler/terraform-provider-zia/v2/zia/data_source_zia_dlp_icap_servers.go:11.50,37.2 1 4
github.com/zscaler/terraform-provider-zia/v2/zia/data_source_zia_dlp_icap_servers.go:39.80,44.8 4 5
github.com/zscaler/terraform-provider-zia/v2/zia/data_source_zia_dlp_icap_servers.go:44.8,47.17 3 0
github.com/zscaler/terraform-provider-zia/v2/zia/data_source_zia_dlp_icap_servers.go:47.17,49.4 1 0
github.com/zscaler/terraform-provider-zia/v2/zia/data_source_zia_dlp_icap_servers.go:50.3,50.13 1 0
github.com/zscaler/terraform-provider-zia/v2/zia/data_source_zia_dlp_icap_servers.go:52.2,53.31 2 5
github.com/zscaler/terraform-provider-zia/v2/zia/data_source_zia_dlp_icap_servers.go:53.31,56.17 3 5
github.com/zscaler/terraform-provider-zia/v2/zia/data_source_zia_dlp_icap_servers.go:56.17,58.4 1 0
github.com/zscaler/terraform-provider-zia/v2/zia/data_source_zia_dlp_icap_servers.go:59.3,59.13 1 5
github.com/zscaler/terraform-provider-zia/v2/zia/data_source_zia_dlp_icap_servers.go:62.2,62.17 1 5
github.com/zscaler/terraform-provider-zia/v2/zia/data_source_zia_dlp_icap_servers.go:62.17,68.3 4 5
github.com/zscaler/terraform-provider-zia/v2/zia/data_source_zia_dlp_icap_servers.go:68.8,70.3 1 0
github.com/zscaler/terraform-provider-zia/v2/zia/data_source_zia_dlp_icap_servers.go:72.2,72.12 1 5
github.com/zscaler/terraform-provider-zia/v2/zia/data_source_zia_dlp_idm_profiles.go:11.50,166.2 1 4
github.com/zscaler/terraform-provider-zia/v2/zia/data_source_zia_dlp_idm_profiles.go:168.80,173.8 4 5
github.com/zscaler/terraform-provider-zia/v2/zia/data_source_zia_dlp_idm_profiles.go:173.8,176.17 3 0
github.com/zscaler/terraform-provider-zia/v2/zia/data_source_zia_dlp_idm_profiles.go:176.17,178.4 1 0
github.com/zscaler/terraform-provider-zia/v2/zia/data_source_zia_dlp_idm_profiles.go:179.3,179.13 1 0
github.com/zscaler/terraform-provider-zia/v2/zia/data_source_zia_dlp_idm_profiles.go:181.2,182.38 2 5
github.com/zscaler/terraform-provider-zia/v2/zia/data_source_zia_dlp_idm_profiles.go:182.38,185.17 3 5
github.com/zscaler/terraform-provider-zia/v2/zia/data_source_zia_dlp_idm_profiles.go:185.17,187.4 1 0
github.com/zscaler/terraform-provider-zia/v2/zia/data_source_zia_dlp_idm_profiles.go:188.3,188.13 1 5
github.com/zscaler/terraform-provider-zia/v2/zia/data_source_zia_dlp_idm_profiles.go:191.2,191.17 1 5
github.com/zscaler/terraform-provider-zia/v2/zia/data_source_zia_dlp_idm_profiles.go:191.17,213.93 21 5
github.com/zscaler/terraform-provider-zia/v2/zia/data_source_zia_dlp_idm_profiles.go:213.93,215.4 1 0
github.com/zscaler/terraform-provider-zia/v2/zia/data_source_zia_dlp_idm_profiles.go:217.3,217.86 1 5
github.com/zscaler/terraform-provider-zia/v2/zia/data_source_zia_dlp_idm_profiles.go:217.86,219.4 1 0
github.com/zscaler/terraform-provider-zia/v2/zia/data_source_zia_dlp_idm_profiles.go:220.8,222.3 1 0
github.com/zscaler/terraform-provider-zia/v2/zia/data_source_zia_dlp_idm_profiles.go:224.2,224.12 1 5
github.com/zscaler/terraform-provider-zia/v2/zia/data_source_zia_dlp_idm_profiles_lite.go:11.53,95.2 1 4
github.com/zscaler/terraform-provider-zia/v2/zia/data_source_zia_dlp_idm_profiles_lite.go:97.83,104.8 5 5
github.com/zscaler/terraform-provider-zia/v2/zia/data_source_zia_dlp_idm_profiles_lite.go:104.8,107.17 3 0
github.com/zscaler/terraform-provider-zia/v2/zia/data_source_zia_dlp_idm_profiles_lite.go:107.17,109.4 1 0
github.com/zscaler/terraform-provider-zia/v2/zia/data_source_zia_dlp_idm_profiles_lite.go:110.3,110.13 1 0
github.com/zscaler/terraform-provider-zia/v2/zia/data_source_zia_dlp_idm_profiles_lite.go:113.2,114.42 2 5
github.com/zscaler/terraform-provider-zia/v2/zia/data_source_zia_dlp_idm_profiles_lite.go:114.42,117.17 3 5
github.com/zscaler/terraform-provider-zia/v2/zia/data_source_zia_dlp_idm_profiles_lite.go:117.17,119.4 1 0
github.com/zscaler/terraform-provider-zia/v2/zia/data_source_zia_dlp_idm_profiles_lite.go:120.3,120.13 1 5
github.com/zscaler/terraform-provider-zia/v2/zia/data_source_zia_dlp_idm_profiles_lite.go:122.2,122.17 1 5
github.com/zscaler/terraform-provider-zia/v2/zia/data_source_zia_dlp_idm_profiles_lite.go:122.17,129.93 6 5
github.com/zscaler/terraform-provider-zia/v2/zia/data_source_zia_dlp_idm_profiles_lite.go:129.93,131.4 1 0
github.com/zscaler/terraform-provider-zia/v2/zia/data_source_zia_dlp_idm_profiles_lite.go:133.3,133.84 1 5
github.com/zscaler/terraform-provider-zia/v2/zia/data_source_zia_dlp_idm_profiles_lite.go:133.84,135.4 1 0
github.com/zscaler/terraform-provider-zia/v2/zia/data_source_zia_dlp_idm_profiles_lite.go:136.8,138.3 1 0
github.com/zscaler/terraform-provider-zia/v2/zia/data_source_zia_dlp_idm_profiles_lite.go:140.2,140.12 1 5
github.com/zscaler/terraform-provider-zia/v2/zia/data_source_zia_dlp_incident_receiver_servers.go:11.62,42.2 1 4
github.com/zscaler/terraform-provider-zia/v2/zia/data_source_zia_dlp_incident_receiver_servers.go:44.92,49.8 4 10
github.com/zscaler/terraform-provider-zia/v2/zia/data_source_zia_dlp_incident_receiver_servers.go:49.8,52.17 3 0
github.com/zscaler/terraform-provider-zia/v2/zia/data_source_zia_dlp_incident_receiver_servers.go:52.17,54.4 1 0
github.com/zscaler/terraform-provider-zia/v2/zia/data_source_zia_dlp_incident_receiver_servers.go:55.3,55.13 1 0
github.com/zscaler/terraform-provider-zia/v2/zia/data_source_zia_dlp_incident_receiver_servers.go:57.2,58.31 2 10
github.com/zscaler/terraform-provider-zia/v2/zia/data_source_zia_dlp_incident_receiver_servers.go:58.31,61.17 3 10
github.com/zscaler/terraform-provider-zia/v2/zia/data_source_zia_dlp_incident_receiver_servers.go:61.17,63.4 1 0
github.com/zscaler/terraform-provider-zia/v2/zia/data_source_zia_dlp_incident_receiver_servers.go:64.3,64.13 1 10
github.com/zscaler/terraform-provider-zia/v2/zia/data_source_zia_dlp_incident_receiver_servers.go:67.2,67.17 1 10
github.com/zscaler/terraform-provider-zia/v2/zia/data_source_zia_dlp_incident_receiver_servers.go:67.17,74.3 5 10
github.com/zscaler/terraform-provider-zia/v2/zia/data_source_zia_dlp_incident_receiver_servers.go:74.8,76.3 1 0
github.com/zscaler/terraform-provider-zia/v2/zia/data_source_zia_dlp_incident_receiver_servers.go:78.2,78.12 1 10
github.com/zscaler/terraform-provider-zia/v2/zia/data_source_zia_dlp_notification_templates.go:11.60,54.2 1 4
github.com/zscaler/terraform-provider-zia/v2/zia/data_source_zia_dlp_notification_templates.go:56.90,61.8 4 13
github.com/zscaler/terraform-provider-zia/v2/zia/data_source_zia_dlp_notification_templates.go:61.8,64.17 3 13
github.com/zscaler/terraform-provider-zia/v2/zia/data_source_zia_dlp_notification_templates.go:64.17,66.4 1 0
github.com/zscaler/terraform-provider-zia/v2/zia/data_source_zia_dlp_notification_templates.go:67.3,67.13 1 13
github.com/zscaler/terraform-provider-zia/v2/zia/data_source_zia_dlp_notification_templates.go:70.2,71.31 2 13
github.com/zscaler/terraform-provider-zia/v2/zia/data_source_zia_dlp_notification_templates.go:71.31,74.17 3 0
github.com/zscaler/terraform-provider-zia/v2/zia/data_source_zia_dlp_notification_templates.go:74.17,76.4 1 0
github.com/zscaler/terraform-provider-zia/v2/zia/data_source_zia_dlp_notification_templates.go:77.3,77.13 1 0
github.com/zscaler/terraform-provider-zia/v2/zia/data_source_zia_dlp_notification_templates.go:80.2,80.17 1 13
github.com/zscaler/terraform-provider-zia/v2/zia/data_source_zia_dlp_notification_templates.go:80.17,89.3 7 13
github.com/zscaler/terraform-provider-zia/v2/zia/data_source_zia_dlp_notification_templates.go:89.8,91.3 1 0
github.com/zscaler/terraform-provider-zia/v2/zia/data_source_zia_dlp_notification_templates.go:93.2,93.12 1 13
github.com/zscaler/terraform-provider-zia/v2/zia/data_source_zia_dlp_web_rules.go:11.47,564.2 1 4
github.com/zscaler/terraform-provider-zia/v2/zia/data_source_zia_dlp_web_rules.go:566.77,571.8 4 13
github.com/zscaler/terraform-provider-zia/v2/zia/data_source_zia_dlp_web_rules.go:571.8,574.17 3 13
github.com/zscaler/terraform-provider-zia/v2/zia/data_source_zia_dlp_web_rules.go:574.17,576.4 1 0
github.com/zscaler/terraform-provider-zia/v2/zia/data_source_zia_dlp_web_rules.go:577.3,577.13 1 13
github.com/zscaler/terraform-provider-zia/v2/zia/data_source_zia_dlp_web_rules.go:580.2,581.31 2 13
github.com/zscaler/terraform-provider-zia/v2/zia/data_source_zia_dlp_web_rules.go:581.31,584.17 3 0
github.com/zscaler/terraform-provider-zia/v2/zia/data_source_zia_dlp_web_rules.go:584.17,586.4 1 0
github.com/zscaler/terraform-provider-zia/v2/zia/data_source_zia_dlp_web_rules.go:587.3,587.13 1 0
github.com/zscaler/terraform-provider-zia/v2/zia/data_source_zia_dlp_web_rules.go:590.2,590.17 1 13
github.com/zscaler/terraform-provider-zia/v2/zia/data_source_zia_dlp_web_rules.go:590.17,615.81 24 13
github.com/zscaler/terraform-provider-zia/v2/zia/data_source_zia_dlp_web_rules.go:615.81,617.4 1 0
github.com/zscaler/terraform-provider-zia/v2/zia/data_source_zia_dlp_web_rules.go:619.3,619.92 1 13
github.com/zscaler/terraform-provider-zia/v2/zia/data_source_zia_dlp_web_rules.go:619.92,621.4 1 0
github.com/zscaler/terraform-provider-zia/v2/zia/data_source_zia_dlp_web_rules.go:623.3,623.75 1 13
github.com/zscaler/terraform-provider-zia/v2/zia/data_source_zia_dlp_web_rules.go:623.75,625.4 1 0
github.com/zscaler/terraform-provider-zia/v2/zia/data_source_zia_dlp_web_rules.go:627.3,627.85 1 13
github.com/zscaler/terraform-provider-zia/v2/zia/data_source_zia_dlp_web_rules.go:627.85,629.4 1 0
github.com/zscaler/terraform-provider-zia/v2/zia/data_source_zia_dlp_web_rules.go:631.3,631.73 1 13
github.com/zscaler/terraform-provider-zia/v2/zia/data_source_zia_dlp_web_rules.go:631.73,633.4 1 0
github.com/zscaler/terraform-provider-zia/v2/zia/data_source_zia_dlp_web_rules.go:635.3,635.90 1 13
github.com/zscaler/terraform-provider-zia/v2/zia/data_source_zia_dlp_web_rules.go:635.90,637.4 1 0
github.com/zscaler/terraform-provider-zia/v2/zia/data_source_zia_dlp_web_rules.go:639.3,639.84 1 13
github.com/zscaler/terraform-provider-zia/v2/zia/data_source_zia_dlp_web_rules.go:639.84,641.4 1 0
github.com/zscaler/terraform-provider-zia/v2/zia/data_source_zia_dlp_web_rules.go:643.3,643.86 1 13
github.com/zscaler/terraform-provider-zia/v2/zia/data_source_zia_dlp_web_rules.go:643.86,645.4 1 0
github.com/zscaler/terraform-provider-zia/v2/zia/data_source_zia_dlp_web_rules.go:647.3,647.97 1 13
github.com/zscaler/terraform-provider-zia/v2/zia/data_source_zia_dlp_web_rules.go:647.97,649.4 1 0
github.com/zscaler/terraform-provider-zia/v2/zia/data_source_zia_dlp_web_rules.go:651.3,651.75 1 13
github.com/zscaler/terraform-provider-zia/v2/zia/data_source_zia_dlp_web_rules.go:651.75,653.4 1 0
github.com/zscaler/terraform-provider-zia/v2/zia/data_source_zia_dlp_web_rules.go:654.3,654.92 1 13
github.com/zscaler/terraform-provider-zia/v2/zia/data_source_zia_dlp_web_rules.go:654.92,656.4 1 0
github.com/zscaler/terraform-provider-zia/v2/zia/data_source_zia_dlp_web_rules.go:657.3,657.102 1 13
github.com/zscaler/terraform-provider-zia/v2/zia/data_source_zia_dlp_web_rules.go:657.102,659.4 1 0
github.com/zscaler/terraform-provider-zia/v2/zia/data_source_zia_dlp_web_rules.go:660.3,660.90 1 13
github.com/zscaler/terraform-provider-zia/v2/zia/data_source_zia_dlp_web_rules.go:660.90,662.4 1 0
github.com/zscaler/terraform-provider-zia/v2/zia/data_source_zia_dlp_web_rules.go:663.3,663.94 1 13
github.com/zscaler/terraform-provider-zia/v2/zia/data_source_zia_dlp_web_rules.go:663.94,665.4 1 0
github.com/zscaler/terraform-provider-zia/v2/zia/data_source_zia_dlp_web_rules.go:666.8,668.3 1 0
github.com/zscaler/terraform-provider-zia/v2/zia/data_source_zia_dlp_web_rules.go:670.2,670.12 1 13
github.com/zscaler/terraform-provider-zia/v2/zia/data_source_zia_firewall_filtering_rules.go:11.57,618.2 1 4
github.com/zscaler/terraform-provider-zia/v2/zia/data_source_zia_firewall_filtering_rules.go:620.87,625.8 4 0
github.com/zscaler/terraform-provider-zia/v2/zia/data_source_zia_firewall_filtering_rules.go:625.8,628.17 3 0
github.com/zscaler/terraform-provider-zia/v2/zia/data_source_zia_firewall_filtering_rules.go:628.17,630.4 1 0
github.com/zscaler/terraform-provider-zia/v2/zia/data_source_zia_firewall_filtering_rules.go:631.3,631.13 1 0
github.com/zscaler/terraform-provider-zia/v2/zia/data_source_zia_firewall_filtering_rules.go:633.2,634.31 2 0
github.com/zscaler/terraform-provider-zia/v2/zia/data_source_zia_firewall_filtering_rules.go:634.31,637.17 3 0
github.com/zscaler/terraform-provider-zia/v2/zia/data_source_zia_firewall_filtering_rules.go:637.17,639.4 1 0
github.com/zscaler/terraform-provider-zia/v2/zia/data_source_zia_firewall_filtering_rules.go:640.3,640.13 1 0
github.com/zscaler/terraform-provider-zia/v2/zia/data_source_zia_firewall_filtering_rules.go:643.2,643.17 1 0
github.com/zscaler/terraform-provider-zia/v2/zia/data_source_zia_firewall_filtering_rules.go:643.17,663.85 19 0
github.com/zscaler/terraform-provider-zia/v2/zia/data_source_zia_firewall_filtering_rules.go:663.85,665.4 1 0
github.com/zscaler/terraform-provider-zia/v2/zia/data_source_zia_firewall_filtering_rules.go:667.3,667.97 1 0
github.com/zscaler/terraform-provider-zia/v2/zia/data_source_zia_firewall_filtering_rules.go:667.97,669.4 1 0
github.com/zscaler/terraform-provider-zia/v2/zia/data_source_zia_firewall_filtering_rules.go:671.3,671.89 1 0
github.com/zscaler/terraform-provider-zia/v2/zia/data_source_zia_firewall_filtering_rules.go:671.89,673.4 1 0
github.com/zscaler/terraform-provider-zia/v2/zia/data_source_zia_firewall_filtering_rules.go:675.3,675.79 1 0
github.com/zscaler/terraform-provider-zia/v2/zia/data_source_zia_firewall_filtering_rules.go:675.79,677.4 1 0
github.com/zscaler/terraform-provider-zia/v2/zia/data_source_zia_firewall_filtering_rules.go:679.3,679.77 1 0
github.com/zscaler/terraform-provider-zia/v2/zia/data_source_zia_firewall_filtering_rules.go:679.77,681.4 1 0
github.com/zscaler/terraform-provider-zia/v2/zia/data_source_zia_firewall_filtering_rules.go:683.3,683.90 1 0
github.com/zscaler/terraform-provider-zia/v2/zia/data_source_zia_firewall_filtering_rules.go:683.90,685.4 1 0
github.com/zscaler/terraform-provider-zia/v2/zia/data_source_zia_firewall_filtering_rules.go:687.3,687.95 1 0
github.com/zscaler/terraform-provider-zia/v2/zia/data_source_zia_firewall_filtering_rules.go:687.95,689.4 1 0
github.com/zscaler/terraform-provider-zia/v2/zia/data_source_zia_firewall_filtering_rules.go:691.3,691.91 1 0
github.com/zscaler/terraform-provider-zia/v2/zia/data_source_zia_firewall_filtering_rules.go:691.91,693.4 1 0
github.com/zscaler/terraform-provider-zia/v2/zia/data_source_zia_firewall_filtering_rules.go:695.3,695.93 1 0
github.com/zscaler/terraform-provider-zia/v2/zia/data_source_zia_firewall_filtering_rules.go:695.93,697.4 1 0
github.com/zscaler/terraform-provider-zia/v2/zia/data_source_zia_firewall_filtering_rules.go:699.3,699.88 1 0
github.com/zscaler/terraform-provider-zia/v2/zia/data_source_zia_firewall_filtering_rules.go:699.88,701.4 1 0
github.com/zscaler/terraform-provider-zia/v2/zia/data_source_zia_firewall_filtering_rules.go:703.3,703.99 1 0
github.com/zscaler/terraform-provider-zia/v2/zia/data_source_zia_firewall_filtering_rules.go:703.99,705.4 1 0
github.com/zscaler/terraform-provider-zia/v2/zia/data_source_zia_firewall_filtering_rules.go:707.3,707.107 1 0
github.com/zscaler/terraform-provider-zia/v2/zia/data_source_zia_firewall_filtering_rules.go:707.107,709.4 1 0
github.com/zscaler/terraform-provider-zia/v2/zia/data_source_zia_firewall_filtering_rules.go:711.3,711.90 1 0
github.com/zscaler/terraform-provider-zia/v2/zia/data_source_zia_firewall_filtering_rules.go:711.90,713.4 1 0
github.com/zscaler/terraform-provider-zia/v2/zia/data_source_zia_firewall_filtering_rules.go:715.3,715.95 1 0
github.com/zscaler/terraform-provider-zia/v2/zia/data_source_zia_firewall_filtering_rules.go:715.95,717.4 1 0
github.com/zscaler/terraform-provider-zia/v2/zia/data_source_zia_firewall_filtering_rules.go:719.3,719.79 1 0
github.com/zscaler/terraform-provider-zia/v2/zia/data_source_zia_firewall_filtering_rules.go:719.79,721.4 1 0
github.com/zscaler/terraform-provider-zia/v2/zia/data_source_zia_firewall_filtering_rules.go:723.3,723.92 1 0
github.com/zscaler/terraform-provider-zia/v2/zia/data_source_zia_firewall_filtering_rules.go:723.92,725.4 1 0
github.com/zscaler/terraform-provider-zia/v2/zia/data_source_zia_firewall_filtering_rules.go:727.3,727.81 1 0
github.com/zscaler/terraform-provider-zia/v2/zia/data_source_zia_firewall_filtering_rules.go:727.81,729.4 1 0
github.com/zscaler/terraform-provider-zia/v2/zia/data_source_zia_firewall_filtering_rules.go:730.3,730.94 1 0
github.com/zscaler/terraform-provider-zia/v2/zia/data_source_zia_firewall_filtering_rules.go:730.94,732.4 1 0
github.com/zscaler/terraform-provider-zia/v2/zia/data_source_zia_firewall_filtering_rules.go:733.3,733.95 1 0
github.com/zscaler/terraform-provider-zia/v2/zia/data_source_zia_firewall_filtering_rules.go:733.95,735.4 1 0
github.com/zscaler/terraform-provider-zia/v2/zia/data_source_zia_firewall_filtering_rules.go:736.8,738.3 1 0
github.com/zscaler/terraform-provider-zia/v2/zia/data_source_zia_firewall_filtering_rules.go:740.2,740.12 1 0
github.com/zscaler/terraform-provider-zia/v2/zia/data_source_zia_forwarding_control_rule.go:12.57,553.2 1 4
github.com/zscaler/terraform-provider-zia/v2/zia/data_source_zia_forwarding_control_rule.go:555.87,560.8 4 0
github.com/zscaler/terraform-provider-zia/v2/zia/data_source_zia_forwarding_control_rule.go:560.8,563.17 3 0
github.com/zscaler/terraform-provider-zia/v2/zia/data_source_zia_forwarding_control_rule.go:563.17,565.4 1 0
github.com/zscaler/terraform-provider-zia/v2/zia/data_source_zia_forwarding_control_rule.go:566.3,566.13 1 0
github.com/zscaler/terraform-provider-zia/v2/zia/data_source_zia_forwarding_control_rule.go:568.2,569.31 2 0
github.com/zscaler/terraform-provider-zia/v2/zia/data_source_zia_forwarding_control_rule.go:569.31,572.17 3 0
github.com/zscaler/terraform-provider-zia/v2/zia/data_source_zia_forwarding_control_rule.go:572.17,574.4 1 0
github.com/zscaler/terraform-provider-zia/v2/zia/data_source_zia_forwarding_control_rule.go:575.3,575.13 1 0
github.com/zscaler/terraform-provider-zia/v2/zia/data_source_zia_forwarding_control_rule.go:578.2,578.17 1 0
github.com/zscaler/terraform-provider-zia/v2/zia/data_source_zia_forwarding_control_rule.go:578.17,594.85 15 0
github.com/zscaler/terraform-provider-zia/v2/zia/data_source_zia_forwarding_control_rule.go:594.85,596.4 1 0
github.com/zscaler/terraform-provider-zia/v2/zia/data_source_zia_forwarding_control_rule.go:598.3,598.97 1 0
github.com/zscaler/terraform-provider-zia/v2/zia/data_source_zia_forwarding_control_rule.go:598.97,600.4 1 0
github.com/zscaler/terraform-provider-zia/v2/zia/data_source_zia_forwarding_control_rule.go:602.3,602.84 1 0
github.com/zscaler/terraform-provider-zia/v2/zia/data_source_zia_forwarding_control_rule.go:602.84,604.4 1 0
github.com/zscaler/terraform-provider-zia/v2/zia/data_source_zia_forwarding_control_rule.go:606.3,606.89 1 0
github.com/zscaler/terraform-provider-zia/v2/zia/data_source_zia_forwarding_control_rule.go:606.89,608.4 1 0
github.com/zscaler/terraform-provider-zia/v2/zia/data_source_zia_forwarding_control_rule.go:610.3,610.79 1 0
github.com/zscaler/terraform-provider-zia/v2/zia/data_source_zia_forwarding_control_rule.go:610.79,612.4 1 0
github.com/zscaler/terraform-provider-zia/v2/zia/data_source_zia_forwarding_control_rule.go:614.3,614.77 1 0
github.com/zscaler/terraform-provider-zia/v2/zia/data_source_zia_forwarding_control_rule.go:614.77,616.4 1 0
github.com/zscaler/terraform-provider-zia/v2/zia/data_source_zia_forwarding_control_rule.go:618.3,618.91 1 0
github.com/zscaler/terraform-provider-zia/v2/zia/data_source_zia_forwarding_control_rule.go:618.91,620.4 1 0
github.com/zscaler/terraform-provider-zia/v2/zia/data_source_zia_forwarding_control_rule.go:622.3,622.95 1 0
github.com/zscaler/terraform-provider-zia/v2/zia/data_source_zia_forwarding_control_rule.go:622.95,624.4 1 0
github.com/zscaler/terraform-provider-zia/v2/zia/data_source_zia_forwarding_control_rule.go:626.3,626.93 1 0
github.com/zscaler/terraform-provider-zia/v2/zia/data_source_zia_forwarding_control_rule.go:626.93,628.4 1 0
github.com/zscaler/terraform-provider-zia/v2/zia/data_source_zia_forwarding_control_rule.go:630.3,630.97 1 0
github.com/zscaler/terraform-provider-zia/v2/zia/data_source_zia_forwarding_control_rule.go:630.97,632.4 1 0
github.com/zscaler/terraform-provider-zia/v2/zia/data_source_zia_forwarding_control_rule.go:634.3,634.88 1 0
github.com/zscaler/terraform-provider-zia/v2/zia/data_source_zia_forwarding_control_rule.go:634.88,636.4 1 0
github.com/zscaler/terraform-provider-zia/v2/zia/data_source_zia_forwarding_control_rule.go:638.3,638.99 1 0
github.com/zscaler/terraform-provider-zia/v2/zia/data_source_zia_forwarding_control_rule.go:638.99,640.4 1 0
github.com/zscaler/terraform-provider-zia/v2/zia/data_source_zia_forwarding_control_rule.go:642.3,642.107 1 0
github.com/zscaler/terraform-provider-zia/v2/zia/data_source_zia_forwarding_control_rule.go:642.107,644.4 1 0
github.com/zscaler/terraform-provider-zia/v2/zia/data_source_zia_forwarding_control_rule.go:646.3,646.79 1 0
github.com/zscaler/terraform-provider-zia/v2/zia/data_source_zia_forwarding_control_rule.go:646.79,648.4 1 0
github.com/zscaler/terraform-provider-zia/v2/zia/data_source_zia_forwarding_control_rule.go:650.3,650.85 1 0
github.com/zscaler/terraform-provider-zia/v2/zia/data_source_zia_forwarding_control_rule.go:650.85,652.4 1 0
github.com/zscaler/terraform-provider-zia/v2/zia/data_source_zia_forwarding_control_rule.go:654.3,654.81 1 0
github.com/zscaler/terraform-provider-zia/v2/zia/data_source_zia_forwarding_control_rule.go:654.81,656.4 1 0
github.com/zscaler/terraform-provider-zia/v2/zia/data_source_zia_forwarding_control_rule.go:658.3,658.95 1 0
github.com/zscaler/terraform-provider-zia/v2/zia/data_source_zia_forwarding_control_rule.go:658.95,660.4 1 0
github.com/zscaler/terraform-provider-zia/v2/zia/data_source_zia_forwarding_control_rule.go:662.3,662.119 1 0
github.com/zscaler/terraform-provider-zia/v2/zia/data_source_zia_forwarding_control_rule.go:662.119,664.4 1 0
github.com/zscaler/terraform-provider-zia/v2/zia/data_source_zia_forwarding_control_rule.go:666.3,666.135 1 0
github.com/zscaler/terraform-provider-zia/v2/zia/data_source_zia_forwarding_control_rule.go:666.135,668.4 1 0
github.com/zscaler/terraform-provider-zia/v2/zia/data_source_zia_forwarding_control_rule.go:669.8,671.3 1 0
github.com/zscaler/terraform-provider-zia/v2/zia/data_source_zia_forwarding_control_rule.go:673.2,673.12 1 0
github.com/zscaler/terraform-provider-zia/v2/zia/data_source_zia_forwarding_control_rule.go:676.72,678.27 2 0
github.com/zscaler/terraform-provider-zia/v2/zia/data_source_zia_forwarding_control_rule.go:678.27,685.3 2 0
github.com/zscaler/terraform-provider-zia/v2/zia/data_source_zia_forwarding_control_rule.go:686.2,686.22 1 0
github.com/zscaler/terraform-provider-zia/v2/zia/data_source_zia_forwarding_control_rule.go:689.98,691.27 2 0
github.com/zscaler/terraform-provider-zia/v2/zia/data_source_zia_forwarding_control_rule.go:691.27,700.3 2 0
github.com/zscaler/terraform-provider-zia/v2/zia/data_source_zia_forwarding_control_rule.go:701.2,701.22 1 0
github.com/zscaler/terraform-provider-zia/v2/zia/data_source_zia_forwarding_control_rule.go:704.108,706.27 2 0
github.com/zscaler/terraform-provider-zia/v2/zia/data_source_zia_forwarding_control_rule.go:706.27,715.3 2 0
github.com/zscaler/terraform-provider-zia/v2/zia/data_source_zia_forwarding_control_rule.go:716.2,716.22 1 0
github.com/zscaler/terraform-provider-zia/v2/zia/data_source_zia_forwarding_control_zpa_gateway.go:11.63,109.2 1 4
github.com/zscaler/terraform-provider-zia/v2/zia/data_source_zia_forwarding_control_zpa_gateway.go:111.87,116.8 4 0
github.com/zscaler/terraform-provider-zia/v2/zia/data_source_zia_forwarding_control_zpa_gateway.go:116.8,119.17 3 0
github.com/zscaler/terraform-provider-zia/v2/zia/data_source_zia_forwarding_control_zpa_gateway.go:119.17,121.4 1 0
github.com/zscaler/terraform-provider-zia/v2/zia/data_source_zia_forwarding_control_zpa_gateway.go:122.3,122.13 1 0
github.com/zscaler/terraform-provider-zia/v2/zia/data_source_zia_forwarding_control_zpa_gateway.go:124.2,125.31 2 0
github.com/zscaler/terraform-provider-zia/v2/zia/data_source_zia_forwarding_control_zpa_gateway.go:125.31,128.17 3 0
github.com/zscaler/terraform-provider-zia/v2/zia/data_source_zia_forwarding_control_zpa_gateway.go:128.17,130.4 1 0
github.com/zscaler/terraform-provider-zia/v2/zia/data_source_zia_forwarding_control_zpa_gateway.go:131.3,131.13 1 0
github.com/zscaler/terraform-provider-zia/v2/zia/data_source_zia_forwarding_control_zpa_gateway.go:134.2,134.17 1 0
github.com/zscaler/terraform-provider-zia/v2/zia/data_source_zia_forwarding_control_zpa_gateway.go:134.17,142.95 7 0
github.com/zscaler/terraform-provider-zia/v2/zia/data_source_zia_forwarding_control_zpa_gateway.go:142.95,144.4 1 0
github.com/zscaler/terraform-provider-zia/v2/zia/data_source_zia_forwarding_control_zpa_gateway.go:146.3,146.98 1 0
github.com/zscaler/terraform-provider-zia/v2/zia/data_source_zia_forwarding_control_zpa_gateway.go:146.98,148.4 1 0
github.com/zscaler/terraform-provider-zia/v2/zia/data_source_zia_forwarding_control_zpa_gateway.go:150.3,150.95 1 0
github.com/zscaler/terraform-provider-zia/v2/zia/data_source_zia_forwarding_control_zpa_gateway.go:150.95,152.4 1 0
github.com/zscaler/terraform-provider-zia/v2/zia/data_source_zia_forwarding_control_zpa_gateway.go:154.8,156.3 1 0
github.com/zscaler/terraform-provider-zia/v2/zia/data_source_zia_forwarding_control_zpa_gateway.go:158.2,158.12 1 0
github.com/zscaler/terraform-provider-zia/v2/zia/data_source_zia_forwarding_control_zpa_gateway.go:161.77,168.2 1 0
github.com/zscaler/terraform-provider-zia/v2/zia/data_source_zia_forwarding_control_zpa_gateway.go:170.96,173.35 2 0
github.com/zscaler/terraform-provider-zia/v2/zia/data_source_zia_forwarding_control_zpa_gateway.go:173.35,178.3 1 0
github.com/zscaler/terraform-provider-zia/v2/zia/data_source_zia_forwarding_control_zpa_gateway.go:180.2,180.26 1 0
github.com/zscaler/terraform-provider-zia/v2/zia/data_source_zia_fw_filtering_ip_destination_groups.go:11.57,50.2 1 4
github.com/zscaler/terraform-provider-zia/v2/zia/data_source_zia_fw_filtering_ip_destination_groups.go:52.87,57.8 4 13
github.com/zscaler/terraform-provider-zia/v2/zia/data_source_zia_fw_filtering_ip_destination_groups.go:57.8,60.17 3 13
github.com/zscaler/terraform-provider-zia/v2/zia/data_source_zia_fw_filtering_ip_destination_groups.go:60.17,62.4 1 0
github.com/zscaler/terraform-provider-zia/v2/zia/data_source_zia_fw_filtering_ip_destination_groups.go:63.3,63.13 1 13
github.com/zscaler/terraform-provider-zia/v2/zia/data_source_zia_fw_filtering_ip_destination_groups.go:65.2,66.31 2 13
github.com/zscaler/terraform-provider-zia/v2/zia/data_source_zia_fw_filtering_ip_destination_groups.go:66.31,69.17 3 0
github.com/zscaler/terraform-provider-zia/v2/zia/data_source_zia_fw_filtering_ip_destination_groups.go:69.17,71.4 1 0
github.com/zscaler/terraform-provider-zia/v2/zia/data_source_zia_fw_filtering_ip_destination_groups.go:72.3,72.13 1 0
github.com/zscaler/terraform-provider-zia/v2/zia/data_source_zia_fw_filtering_ip_destination_groups.go:75.2,75.17 1 13
github.com/zscaler/terraform-provider-zia/v2/zia/data_source_zia_fw_filtering_ip_destination_groups.go:75.17,84.3 7 13
github.com/zscaler/terraform-provider-zia/v2/zia/data_source_zia_fw_filtering_ip_destination_groups.go:84.8,86.3 1 0
github.com/zscaler/terraform-provider-zia/v2/zia/data_source_zia_fw_filtering_ip_destination_groups.go:88.2,88.12 1 13
github.com/zscaler/terraform-provider-zia/v2/zia/data_source_zia_fw_filtering_ip_source_groups.go:11.52,36.2 1 4
github.com/zscaler/terraform-provider-zia/v2/zia/data_source_zia_fw_filtering_ip_source_groups.go:38.82,43.8 4 13
github.com/zscaler/terraform-provider-zia/v2/zia/data_source_zia_fw_filtering_ip_source_groups.go:43.8,46.17 3 13
github.com/zscaler/terraform-provider-zia/v2/zia/data_source_zia_fw_filtering_ip_source_groups.go:46.17,48.4 1 0
github.com/zscaler/terraform-provider-zia/v2/zia/data_source_zia_fw_filtering_ip_source_groups.go:49.3,49.13 1 13
github.com/zscaler/terraform-provider-zia/v2/zia/data_source_zia_fw_filtering_ip_source_groups.go:51.2,52.31 2 13
github.com/zscaler/terraform-provider-zia/v2/zia/data_source_zia_fw_filtering_ip_source_groups.go:52.31,55.17 3 0
github.com/zscaler/terraform-provider-zia/v2/zia/data_source_zia_fw_filtering_ip_source_groups.go:55.17,57.4 1 0
github.com/zscaler/terraform-provider-zia/v2/zia/data_source_zia_fw_filtering_ip_source_groups.go:58.3,58.13 1 0
github.com/zscaler/terraform-provider-zia/v2/zia/data_source_zia_fw_filtering_ip_source_groups.go:61.2,61.17 1 13
github.com/zscaler/terraform-provider-zia/v2/zia/data_source_zia_fw_filtering_ip_source_groups.go:61.17,67.3 4 13
github.com/zscaler/terraform-provider-zia/v2/zia/data_source_zia_fw_filtering_ip_source_groups.go:67.8,69.3 1 0
github.com/zscaler/terraform-provider-zia/v2/zia/data_source_zia_fw_filtering_ip_source_groups.go:71.2,71.12 1 13
github.com/zscaler/terraform-provider-zia/v2/zia/data_source_zia_fw_filtering_network_application.go:10.56,37.2 1 4
github.com/zscaler/terraform-provider-zia/v2/zia/data_source_zia_fw_filtering_network_application.go:39.86,43.9 3 0
github.com/zscaler/terraform-provider-zia/v2/zia/data_source_zia_fw_filtering_network_application.go:43.9,45.3 1 0
github.com/zscaler/terraform-provider-zia/v2/zia/data_source_zia_fw_filtering_network_application.go:47.2,49.16 3 0
github.com/zscaler/terraform-provider-zia/v2/zia/data_source_zia_fw_filtering_network_application.go:49.16,51.3 1 0
github.com/zscaler/terraform-provider-zia/v2/zia/data_source_zia_fw_filtering_network_application.go:53.2,59.12 6 0
github.com/zscaler/terraform-provider-zia/v2/zia/data_source_zia_fw_filtering_network_application_groups.go:11.62,36.2 1 4
github.com/zscaler/terraform-provider-zia/v2/zia/data_source_zia_fw_filtering_network_application_groups.go:38.92,43.8 4 13
github.com/zscaler/terraform-provider-zia/v2/zia/data_source_zia_fw_filtering_network_application_groups.go:43.8,46.17 3 13
github.com/zscaler/terraform-provider-zia/v2/zia/data_source_zia_fw_filtering_network_application_groups.go:46.17,48.4 1 0
github.com/zscaler/terraform-provider-zia/v2/zia/data_source_zia_fw_filtering_network_application_groups.go:49.3,49.13 1 13
github.com/zscaler/terraform-provider-zia/v2/zia/data_source_zia_fw_filtering_network_application_groups.go:51.2,52.31 2 13
github.com/zscaler/terraform-provider-zia/v2/zia/data_source_zia_fw_filtering_network_application_groups.go:52.31,55.17 3 0
github.com/zscaler/terraform-provider-zia/v2/zia/data_source_zia_fw_filtering_network_application_groups.go:55.17,57.4 1 0
github.com/zscaler/terraform-provider-zia/v2/zia/data_source_zia_fw_filtering_network_application_groups.go:58.3,58.13 1 0
github.com/zscaler/terraform-provider-zia/v2/zia/data_source_zia_fw_filtering_network_application_groups.go:61.2,61.17 1 13
github.com/zscaler/terraform-provider-zia/v2/zia/data_source_zia_fw_filtering_network_application_groups.go:61.17,67.3 4 13
github.com/zscaler/terraform-provider-zia/v2/zia/data_source_zia_fw_filtering_network_application_groups.go:67.8,69.3 1 0
github.com/zscaler/terraform-provider-zia/v2/zia/data_source_zia_fw_filtering_network_application_groups.go:71.2,71.12 1 13
github.com/zscaler/terraform-provider-zia/v2/zia/data_source_zia_fw_filtering_network_service_groups.go:11.58,55.2 1 4
github.com/zscaler/terraform-provider-zia/v2/zia/data_source_zia_fw_filtering_network_service_groups.go:57.88,62.8 4 13
github.com/zscaler/terraform-provider-zia/v2/zia/data_source_zia_fw_filtering_network_service_groups.go:62.8,65.17 3 13
github.com/zscaler/terraform-provider-zia/v2/zia/data_source_zia_fw_filtering_network_service_groups.go:65.17,67.4 1 0
github.com/zscaler/terraform-provider-zia/v2/zia/data_source_zia_fw_filtering_network_service_groups.go:68.3,68.13 1 13
github.com/zscaler/terraform-provider-zia/v2/zia/data_source_zia_fw_filtering_network_service_groups.go:70.2,71.31 2 13
github.com/zscaler/terraform-provider-zia/v2/zia/data_source_zia_fw_filtering_network_service_groups.go:71.31,74.17 3 0
github.com/zscaler/terraform-provider-zia/v2/zia/data_source_zia_fw_filtering_network_service_groups.go:74.17,76.4 1 0
github.com/zscaler/terraform-provider-zia/v2/zia/data_source_zia_fw_filtering_network_service_groups.go:77.3,77.13 1 0
github.com/zscaler/terraform-provider-zia/v2/zia/data_source_zia_fw_filtering_network_service_groups.go:80.2,80.17 1 13
github.com/zscaler/terraform-provider-zia/v2/zia/data_source_zia_fw_filtering_network_service_groups.go:80.17,85.75 4 13
github.com/zscaler/terraform-provider-zia/v2/zia/data_source_zia_fw_filtering_network_service_groups.go:85.75,87.4 1 0
github.com/zscaler/terraform-provider-zia/v2/zia/data_source_zia_fw_filtering_network_service_groups.go:89.8,91.3 1 0
github.com/zscaler/terraform-provider-zia/v2/zia/data_source_zia_fw_filtering_network_service_groups.go:93.2,93.12 1 13
github.com/zscaler/terraform-provider-zia/v2/zia/data_source_zia_fw_filtering_network_service_groups.go:96.77,98.30 2 13
github.com/zscaler/terraform-provider-zia/v2/zia/data_source_zia_fw_filtering_network_service_groups.go:98.30,105.3 1 26
github.com/zscaler/terraform-provider-zia/v2/zia/data_source_zia_fw_filtering_network_service_groups.go:107.2,107.17 1 13
github.com/zscaler/terraform-provider-zia/v2/zia/data_source_zia_fw_filtering_network_services.go:11.53,51.2 1 4
github.com/zscaler/terraform-provider-zia/v2/zia/data_source_zia_fw_filtering_network_services.go:53.83,58.8 4 45
github.com/zscaler/terraform-provider-zia/v2/zia/data_source_zia_fw_filtering_network_services.go:58.8,61.17 3 13
github.com/zscaler/terraform-provider-zia/v2/zia/data_source_zia_fw_filtering_network_services.go:61.17,63.4 1 0
github.com/zscaler/terraform-provider-zia/v2/zia/data_source_zia_fw_filtering_network_services.go:64.3,64.13 1 13
github.com/zscaler/terraform-provider-zia/v2/zia/data_source_zia_fw_filtering_network_services.go:66.2,67.31 2 45
github.com/zscaler/terraform-provider-zia/v2/zia/data_source_zia_fw_filtering_network_services.go:67.31,70.17 3 32
github.com/zscaler/terraform-provider-zia/v2/zia/data_source_zia_fw_filtering_network_services.go:70.17,72.4 1 0
github.com/zscaler/terraform-provider-zia/v2/zia/data_source_zia_fw_filtering_network_services.go:73.3,73.13 1 32
github.com/zscaler/terraform-provider-zia/v2/zia/data_source_zia_fw_filtering_network_services.go:87.2,87.17 1 45
github.com/zscaler/terraform-provider-zia/v2/zia/data_source_zia_fw_filtering_network_services.go:87.17,95.87 7 45
github.com/zscaler/terraform-provider-zia/v2/zia/data_source_zia_fw_filtering_network_services.go:95.87,97.4 1 0
github.com/zscaler/terraform-provider-zia/v2/zia/data_source_zia_fw_filtering_network_services.go:99.3,99.89 1 45
github.com/zscaler/terraform-provider-zia/v2/zia/data_source_zia_fw_filtering_network_services.go:99.89,101.4 1 0
github.com/zscaler/terraform-provider-zia/v2/zia/data_source_zia_fw_filtering_network_services.go:103.3,103.87 1 45
github.com/zscaler/terraform-provider-zia/v2/zia/data_source_zia_fw_filtering_network_services.go:103.87,105.4 1 0
github.com/zscaler/terraform-provider-zia/v2/zia/data_source_zia_fw_filtering_network_services.go:107.3,107.89 1 45
github.com/zscaler/terraform-provider-zia/v2/zia/data_source_zia_fw_filtering_network_services.go:107.89,109.4 1 0
github.com/zscaler/terraform-provider-zia/v2/zia/data_source_zia_fw_filtering_network_services.go:111.8,113.3 1 0
github.com/zscaler/terraform-provider-zia/v2/zia/data_source_zia_fw_filtering_network_services.go:115.2,115.12 1 45
github.com/zscaler/terraform-provider-zia/v2/zia/data_source_zia_fw_filtering_time_window.go:11.48,38.2 1 4
github.com/zscaler/terraform-provider-zia/v2/zia/data_source_zia_fw_filtering_time_window.go:40.78,45.8 4 79
github.com/zscaler/terraform-provider-zia/v2/zia/data_source_zia_fw_filtering_time_window.go:45.8,48.17 3 0
github.com/zscaler/terraform-provider-zia/v2/zia/data_source_zia_fw_filtering_time_window.go:48.17,50.4 1 0
github.com/zscaler/terraform-provider-zia/v2/zia/data_source_zia_fw_filtering_time_window.go:51.3,51.13 1 0
github.com/zscaler/terraform-provider-zia/v2/zia/data_source_zia_fw_filtering_time_window.go:53.2,54.31 2 79
github.com/zscaler/terraform-provider-zia/v2/zia/data_source_zia_fw_filtering_time_window.go:54.31,57.17 3 79
github.com/zscaler/terraform-provider-zia/v2/zia/data_source_zia_fw_filtering_time_window.go:57.17,59.4 1 0
github.com/zscaler/terraform-provider-zia/v2/zia/data_source_zia_fw_filtering_time_window.go:60.3,60.13 1 79
github.com/zscaler/terraform-provider-zia/v2/zia/data_source_zia_fw_filtering_time_window.go:63.2,63.17 1 79
github.com/zscaler/terraform-provider-zia/v2/zia/data_source_zia_fw_filtering_time_window.go:63.17,70.3 5 79
github.com/zscaler/terraform-provider-zia/v2/zia/data_source_zia_fw_filtering_time_window.go:70.8,72.3 1 0
github.com/zscaler/terraform-provider-zia/v2/zia/data_source_zia_fw_filtering_time_window.go:74.2,74.12 1 79
github.com/zscaler/terraform-provider-zia/v2/zia/data_source_zia_location_groups.go:11.49,188.2 1 4
github.com/zscaler/terraform-provider-zia/v2/zia/data_source_zia_location_groups.go:190.79,195.8 4 84
github.com/zscaler/terraform-provider-zia/v2/zia/data_source_zia_location_groups.go:195.8,198.17 3 0
github.com/zscaler/terraform-provider-zia/v2/zia/data_source_zia_location_groups.go:198.17,200.4 1 0
github.com/zscaler/terraform-provider-zia/v2/zia/data_source_zia_location_groups.go:201.3,201.13 1 0
github.com/zscaler/terraform-provider-zia/v2/zia/data_source_zia_location_groups.go:204.2,205.31 2 84
github.com/zscaler/terraform-provider-zia/v2/zia/data_source_zia_location_groups.go:205.31,208.17 3 84
github.com/zscaler/terraform-provider-zia/v2/zia/data_source_zia_location_groups.go:208.17,210.4 1 0
github.com/zscaler/terraform-provider-zia/v2/zia/data_source_zia_location_groups.go:211.3,211.13 1 84
github.com/zscaler/terraform-provider-zia/v2/zia/data_source_zia_location_groups.go:214.2,214.17 1 84
github.com/zscaler/terraform-provider-zia/v2/zia/data_source_zia_location_groups.go:214.17,223.138 8 84
github.com/zscaler/terraform-provider-zia/v2/zia/data_source_zia_location_groups.go:223.138,225.4 1 0
github.com/zscaler/terraform-provider-zia/v2/zia/data_source_zia_location_groups.go:227.3,227.74 1 84
github.com/zscaler/terraform-provider-zia/v2/zia/data_source_zia_location_groups.go:227.74,229.4 1 0
github.com/zscaler/terraform-provider-zia/v2/zia/data_source_zia_location_groups.go:231.3,231.86 1 84
github.com/zscaler/terraform-provider-zia/v2/zia/data_source_zia_location_groups.go:231.86,233.4 1 0
github.com/zscaler/terraform-provider-zia/v2/zia/data_source_zia_location_groups.go:235.8,237.3 1 0
github.com/zscaler/terraform-provider-zia/v2/zia/data_source_zia_location_groups.go:239.2,239.12 1 84
github.com/zscaler/terraform-provider-zia/v2/zia/data_source_zia_location_groups.go:242.121,243.33 1 84
github.com/zscaler/terraform-provider-zia/v2/zia/data_source_zia_location_groups.go:243.33,245.3 1 64
github.com/zscaler/terraform-provider-zia/v2/zia/data_source_zia_location_groups.go:246.2,260.3 1 20
github.com/zscaler/terraform-provider-zia/v2/zia/data_source_zia_location_groups.go:263.69,264.17 1 20
github.com/zscaler/terraform-provider-zia/v2/zia/data_source_zia_location_groups.go:264.17,266.3 1 20
github.com/zscaler/terraform-provider-zia/v2/zia/data_source_zia_location_groups.go:267.2,272.3 1 0
github.com/zscaler/terraform-provider-zia/v2/zia/data_source_zia_location_groups.go:275.69,276.17 1 20
github.com/zscaler/terraform-provider-zia/v2/zia/data_source_zia_location_groups.go:276.17,278.3 1 20
github.com/zscaler/terraform-provider-zia/v2/zia/data_source_zia_location_groups.go:279.2,284.3 1 0
github.com/zscaler/terraform-provider-zia/v2/zia/data_source_zia_location_groups.go:287.88,289.32 2 20
github.com/zscaler/terraform-provider-zia/v2/zia/data_source_zia_location_groups.go:289.32,295.3 1 0
github.com/zscaler/terraform-provider-zia/v2/zia/data_source_zia_location_groups.go:297.2,297.16 1 20
github.com/zscaler/terraform-provider-zia/v2/zia/data_source_zia_location_groups.go:300.88,302.46 2 84
github.com/zscaler/terraform-provider-zia/v2/zia/data_source_zia_location_groups.go:302.46,308.3 1 15
github.com/zscaler/terraform-provider-zia/v2/zia/data_source_zia_location_groups.go:310.2,310.18 1 84
github.com/zscaler/terraform-provider-zia/v2/zia/data_source_zia_location_groups.go:313.78,314.24 1 84
github.com/zscaler/terraform-provider-zia/v2/zia/data_source_zia_location_groups.go:314.24,316.3 1 20
github.com/zscaler/terraform-provider-zia/v2/zia/data_source_zia_location_groups.go:317.2,323.3 1 64
github.com/zscaler/terraform-provider-zia/v2/zia/data_source_zia_location_lite.go:11.48,97.2 1 4
github.com/zscaler/terraform-provider-zia/v2/zia/data_source_zia_location_lite.go:99.78,104.8 4 5
github.com/zscaler/terraform-provider-zia/v2/zia/data_source_zia_location_lite.go:104.8,107.17 3 0
github.com/zscaler/terraform-provider-zia/v2/zia/data_source_zia_location_lite.go:107.17,109.4 1 0
github.com/zscaler/terraform-provider-zia/v2/zia/data_source_zia_location_lite.go:110.3,110.13 1 0
github.com/zscaler/terraform-provider-zia/v2/zia/data_source_zia_location_lite.go:112.2,113.31 2 5
github.com/zscaler/terraform-provider-zia/v2/zia/data_source_zia_location_lite.go:113.31,116.17 3 5
github.com/zscaler/terraform-provider-zia/v2/zia/data_source_zia_location_lite.go:116.17,118.4 1 0
github.com/zscaler/terraform-provider-zia/v2/zia/data_source_zia_location_lite.go:119.3,119.13 1 5
github.com/zscaler/terraform-provider-zia/v2/zia/data_source_zia_location_lite.go:122.2,122.17 1 5
github.com/zscaler/terraform-provider-zia/v2/zia/data_source_zia_location_lite.go:122.17,144.3 20 5
github.com/zscaler/terraform-provider-zia/v2/zia/data_source_zia_location_lite.go:144.8,146.3 1 0
github.com/zscaler/terraform-provider-zia/v2/zia/data_source_zia_location_lite.go:148.2,148.12 1 5
github.com/zscaler/terraform-provider-zia/v2/zia/data_source_zia_location_management.go:11.54,230.2 1 4
github.com/zscaler/terraform-provider-zia/v2/zia/data_source_zia_location_management.go:234.84,239.8 4 14
github.com/zscaler/terraform-provider-zia/v2/zia/data_source_zia_location_management.go:239.8,242.17 3 14
github.com/zscaler/terraform-provider-zia/v2/zia/data_source_zia_location_management.go:242.17,244.4 1 0
github.com/zscaler/terraform-provider-zia/v2/zia/data_source_zia_location_management.go:245.3,245.13 1 14
github.com/zscaler/terraform-provider-zia/v2/zia/data_source_zia_location_management.go:247.2,249.31 3 14
github.com/zscaler/terraform-provider-zia/v2/zia/data_source_zia_location_management.go:249.31,250.23 1 0
github.com/zscaler/terraform-provider-zia/v2/zia/data_source_zia_location_management.go:250.23,253.18 3 0
github.com/zscaler/terraform-provider-zia/v2/zia/data_source_zia_location_management.go:253.18,255.5 1 0
github.com/zscaler/terraform-provider-zia/v2/zia/data_source_zia_location_management.go:256.4,256.14 1 0
github.com/zscaler/terraform-provider-zia/v2/zia/data_source_zia_location_management.go:257.9,260.18 3 0
github.com/zscaler/terraform-provider-zia/v2/zia/data_source_zia_location_management.go:260.18,262.5 1 0
github.com/zscaler/terraform-provider-zia/v2/zia/data_source_zia_location_management.go:263.4,263.14 1 0
github.com/zscaler/terraform-provider-zia/v2/zia/data_source_zia_location_management.go:267.2,267.17 1 14
github.com/zscaler/terraform-provider-zia/v2/zia/data_source_zia_location_management.go:267.17,301.102 33 14
github.com/zscaler/terraform-provider-zia/v2/zia/data_source_zia_location_management.go:301.102,303.4 1 0
github.com/zscaler/terraform-provider-zia/v2/zia/data_source_zia_location_management.go:305.8,307.3 1 0
github.com/zscaler/terraform-provider-zia/v2/zia/data_source_zia_location_management.go:309.2,309.12 1 14
github.com/zscaler/terraform-provider-zia/v2/zia/data_source_zia_location_management.go:312.101,314.46 2 14
github.com/zscaler/terraform-provider-zia/v2/zia/data_source_zia_location_management.go:314.46,324.3 1 0
github.com/zscaler/terraform-provider-zia/v2/zia/data_source_zia_location_management.go:326.2,326.23 1 14
github.com/zscaler/terraform-provider-zia/v2/zia/data_source_zia_location_management.go:329.90,331.42 2 0
github.com/zscaler/terraform-provider-zia/v2/zia/data_source_zia_location_management.go:331.42,337.3 1 0
github.com/zscaler/terraform-provider-zia/v2/zia/data_source_zia_location_management.go:339.2,339.16 1 0
github.com/zscaler/terraform-provider-zia/v2/zia/data_source_zia_location_management.go:342.93,344.40 2 0
github.com/zscaler/terraform-provider-zia/v2/zia/data_source_zia_location_management.go:344.40,350.3 1 0
github.com/zscaler/terraform-provider-zia/v2/zia/data_source_zia_location_management.go:352.2,352.18 1 0
github.com/zscaler/terraform-provider-zia/v2/zia/data_source_zia_rule_labels.go:11.46,96.2 1 4
github.com/zscaler/terraform-provider-zia/v2/zia/data_source_zia_rule_labels.go:98.76,103.8 4 26
github.com/zscaler/terraform-provider-zia/v2/zia/data_source_zia_rule_labels.go:103.8,106.17 3 26
github.com/zscaler/terraform-provider-zia/v2/zia/data_source_zia_rule_labels.go:106.17,108.4 1 0
github.com/zscaler/terraform-provider-zia/v2/zia/data_source_zia_rule_labels.go:109.3,109.13 1 26
github.com/zscaler/terraform-provider-zia/v2/zia/data_source_zia_rule_labels.go:111.2,112.31 2 26
github.com/zscaler/terraform-provider-zia/v2/zia/data_source_zia_rule_labels.go:112.31,115.17 3 0
github.com/zscaler/terraform-provider-zia/v2/zia/data_source_zia_rule_labels.go:115.17,117.4 1 0
github.com/zscaler/terraform-provider-zia/v2/zia/data_source_zia_rule_labels.go:118.3,118.13 1 0
github.com/zscaler/terraform-provider-zia/v2/zia/data_source_zia_rule_labels.go:121.2,121.17 1 26
github.com/zscaler/terraform-provider-zia/v2/zia/data_source_zia_rule_labels.go:121.17,127.95 5 26
github.com/zscaler/terraform-provider-zia/v2/zia/data_source_zia_rule_labels.go:127.95,129.4 1 0
github.com/zscaler/terraform-provider-zia/v2/zia/data_source_zia_rule_labels.go:131.3,131.79 1 26
github.com/zscaler/terraform-provider-zia/v2/zia/data_source_zia_rule_labels.go:131.79,133.4 1 0
github.com/zscaler/terraform-provider-zia/v2/zia/data_source_zia_rule_labels.go:135.8,137.3 1 0
[...]
github.com/zscaler/terraform-provider-zia/v2/zia/resource_zia_url_filtering_rules.go:611.43,612.50 1 0
github.com/zscaler/terraform-provider-zia/v2/zia/resource_zia_url_filtering_rules.go:612.50,614.5 1 0
github.com/zscaler/terraform-provider-zia/v2/zia/resource_zia_url_filtering_rules.go:617.17,620.46 2 0
github.com/zscaler/terraform-provider-zia/v2/zia/resource_zia_url_filtering_rules.go:620.46,621.46 1 0
github.com/zscaler/terraform-provider-zia/v2/zia/resource_zia_url_filtering_rules.go:621.46,623.5 1 0
github.com/zscaler/terraform-provider-zia/v2/zia/resource_zia_url_filtering_rules.go:627.2,627.12 1 3
github.com/zscaler/terraform-provider-zia/v2/zia/resource_zia_user_management_users.go:17.48,24.87 1 4
github.com/zscaler/terraform-provider-zia/v2/zia/resource_zia_user_management_users.go:24.87,29.26 4 1
github.com/zscaler/terraform-provider-zia/v2/zia/resource_zia_user_management_users.go:29.26,31.6 1 1
github.com/zscaler/terraform-provider-zia/v2/zia/resource_zia_user_management_users.go:31.11,33.20 2 0
github.com/zscaler/terraform-provider-zia/v2/zia/resource_zia_user_management_users.go:33.20,36.7 2 0
github.com/zscaler/terraform-provider-zia/v2/zia/resource_zia_user_management_users.go:36.12,38.7 1 0
github.com/zscaler/terraform-provider-zia/v2/zia/resource_zia_user_management_users.go:40.5,40.42 1 1
github.com/zscaler/terraform-provider-zia/v2/zia/resource_zia_user_management_users.go:134.80,141.16 5 2
github.com/zscaler/terraform-provider-zia/v2/zia/resource_zia_user_management_users.go:141.16,143.3 1 0
github.com/zscaler/terraform-provider-zia/v2/zia/resource_zia_user_management_users.go:145.2,148.71 2 2
github.com/zscaler/terraform-provider-zia/v2/zia/resource_zia_user_management_users.go:148.71,150.3 1 0
github.com/zscaler/terraform-provider-zia/v2/zia/resource_zia_user_management_users.go:152.2,154.26 3 2
github.com/zscaler/terraform-provider-zia/v2/zia/resource_zia_user_management_users.go:154.26,159.17 2 0
github.com/zscaler/terraform-provider-zia/v2/zia/resource_zia_user_management_users.go:159.17,161.4 1 0
github.com/zscaler/terraform-provider-zia/v2/zia/resource_zia_user_management_users.go:163.2,169.71 4 2
github.com/zscaler/terraform-provider-zia/v2/zia/resource_zia_user_management_users.go:169.71,171.3 1 0
github.com/zscaler/terraform-provider-zia/v2/zia/resource_zia_user_management_users.go:172.2,172.41 1 2
github.com/zscaler/terraform-provider-zia/v2/zia/resource_zia_user_management_users.go:175.78,179.9 3 8
github.com/zscaler/terraform-provider-zia/v2/zia/resource_zia_user_management_users.go:179.9,181.3 1 0
github.com/zscaler/terraform-provider-zia/v2/zia/resource_zia_user_management_users.go:182.2,183.16 2 8
github.com/zscaler/terraform-provider-zia/v2/zia/resource_zia_user_management_users.go:183.16,184.83 1 0
github.com/zscaler/terraform-provider-zia/v2/zia/resource_zia_user_management_users.go:184.83,188.4 3 0
github.com/zscaler/terraform-provider-zia/v2/zia/resource_zia_user_management_users.go:189.3,189.13 1 0
github.com/zscaler/terraform-provider-zia/v2/zia/resource_zia_user_management_users.go:192.2,200.65 8 8
github.com/zscaler/terraform-provider-zia/v2/zia/resource_zia_user_management_users.go:200.65,202.3 1 0
github.com/zscaler/terraform-provider-zia/v2/zia/resource_zia_user_management_users.go:204.2,204.84 1 8
github.com/zscaler/terraform-provider-zia/v2/zia/resource_zia_user_management_users.go:204.84,206.3 1 0
github.com/zscaler/terraform-provider-zia/v2/zia/resource_zia_user_management_users.go:208.2,208.12 1 8
github.com/zscaler/terraform-provider-zia/v2/zia/resource_zia_user_management_users.go:211.80,215.9 3 1
github.com/zscaler/terraform-provider-zia/v2/zia/resource_zia_user_management_users.go:215.9,217.3 1 0
github.com/zscaler/terraform-provider-zia/v2/zia/resource_zia_user_management_users.go:219.2,221.49 3 1
github.com/zscaler/terraform-provider-zia/v2/zia/resource_zia_user_management_users.go:221.49,222.83 1 0
github.com/zscaler/terraform-provider-zia/v2/zia/resource_zia_user_management_users.go:222.83,225.4 2 0
github.com/zscaler/terraform-provider-zia/v2/zia/resource_zia_user_management_users.go:227.2,227.61 1 1
github.com/zscaler/terraform-provider-zia/v2/zia/resource_zia_user_management_users.go:227.61,229.3 1 0
github.com/zscaler/terraform-provider-zia/v2/zia/resource_zia_user_management_users.go:232.2,235.71 2 1
github.com/zscaler/terraform-provider-zia/v2/zia/resource_zia_user_management_users.go:235.71,237.3 1 0
github.com/zscaler/terraform-provider-zia/v2/zia/resource_zia_user_management_users.go:239.2,240.86 2 1
github.com/zscaler/terraform-provider-zia/v2/zia/resource_zia_user_management_users.go:240.86,245.17 2 0
github.com/zscaler/terraform-provider-zia/v2/zia/resource_zia_user_management_users.go:245.17,247.4 1 0
github.com/zscaler/terraform-provider-zia/v2/zia/resource_zia_user_management_users.go:251.2,254.71 2 1
github.com/zscaler/terraform-provider-zia/v2/zia/resource_zia_user_management_users.go:254.71,256.3 1 0
github.com/zscaler/terraform-provider-zia/v2/zia/resource_zia_user_management_users.go:258.2,258.41 1 1
github.com/zscaler/terraform-provider-zia/v2/zia/resource_zia_user_management_users.go:261.80,265.9 3 2
github.com/zscaler/terraform-provider-zia/v2/zia/resource_zia_user_management_users.go:265.9,267.3 1 0
github.com/zscaler/terraform-provider-zia/v2/zia/resource_zia_user_management_users.go:269.2,274.76 2 2
github.com/zscaler/terraform-provider-zia/v2/zia/resource_zia_user_management_users.go:274.76,276.4 1 14
github.com/zscaler/terraform-provider-zia/v2/zia/resource_zia_user_management_users.go:277.81,279.4 1 0
github.com/zscaler/terraform-provider-zia/v2/zia/resource_zia_user_management_users.go:281.2,281.16 1 2
github.com/zscaler/terraform-provider-zia/v2/zia/resource_zia_user_management_users.go:281.16,283.3 1 0
github.com/zscaler/terraform-provider-zia/v2/zia/resource_zia_user_management_users.go:284.2,284.52 1 2
github.com/zscaler/terraform-provider-zia/v2/zia/resource_zia_user_management_users.go:284.52,286.3 1 0
github.com/zscaler/terraform-provider-zia/v2/zia/resource_zia_user_management_users.go:288.2,295.71 4 2
github.com/zscaler/terraform-provider-zia/v2/zia/resource_zia_user_management_users.go:295.71,297.3 1 0
github.com/zscaler/terraform-provider-zia/v2/zia/resource_zia_user_management_users.go:299.2,299.12 1 2
github.com/zscaler/terraform-provider-zia/v2/zia/resource_zia_user_management_users.go:302.54,315.23 4 3
github.com/zscaler/terraform-provider-zia/v2/zia/resource_zia_user_management_users.go:315.23,317.3 1 3
github.com/zscaler/terraform-provider-zia/v2/zia/resource_zia_user_management_users.go:318.2,318.15 1 3
github.com/zscaler/terraform-provider-zia/v2/zia/utils.go:19.25,21.2 1 156
github.com/zscaler/terraform-provider-zia/v2/zia/utils.go:22.47,25.2 2 51
github.com/zscaler/terraform-provider-zia/v2/zia/utils.go:27.67,29.9 2 79
github.com/zscaler/terraform-provider-zia/v2/zia/utils.go:29.9,31.3 1 28
github.com/zscaler/terraform-provider-zia/v2/zia/utils.go:32.2,33.9 2 51
github.com/zscaler/terraform-provider-zia/v2/zia/utils.go:33.9,35.3 1 0
github.com/zscaler/terraform-provider-zia/v2/zia/utils.go:36.2,36.30 1 51
github.com/zscaler/terraform-provider-zia/v2/zia/utils.go:39.50,40.17 1 51
github.com/zscaler/terraform-provider-zia/v2/zia/utils.go:40.17,42.3 1 0
github.com/zscaler/terraform-provider-zia/v2/zia/utils.go:44.2,45.19 2 51
github.com/zscaler/terraform-provider-zia/v2/zia/utils.go:45.19,46.27 1 197
github.com/zscaler/terraform-provider-zia/v2/zia/utils.go:47.12,48.15 1 0
github.com/zscaler/terraform-provider-zia/v2/zia/utils.go:49.15,50.14 1 197
github.com/zscaler/terraform-provider-zia/v2/zia/utils.go:54.2,54.12 1 51
github.com/zscaler/terraform-provider-zia/v2/zia/utils.go:57.77,61.2 3 1155
github.com/zscaler/terraform-provider-zia/v2/zia/utils.go:63.83,67.2 3 12
github.com/zscaler/terraform-provider-zia/v2/zia/utils.go:70.251,73.16 3 18
github.com/zscaler/terraform-provider-zia/v2/zia/utils.go:73.16,76.3 2 0
github.com/zscaler/terraform-provider-zia/v2/zia/utils.go:78.2,78.29 1 18
github.com/zscaler/terraform-provider-zia/v2/zia/utils.go:78.29,81.49 3 126
github.com/zscaler/terraform-provider-zia/v2/zia/utils.go:81.49,82.26 1 0
github.com/zscaler/terraform-provider-zia/v2/zia/utils.go:82.26,84.5 1 0
github.com/zscaler/terraform-provider-zia/v2/zia/utils.go:84.10,86.5 1 0
github.com/zscaler/terraform-provider-zia/v2/zia/utils.go:88.3,88.19 1 126
github.com/zscaler/terraform-provider-zia/v2/zia/utils.go:88.19,92.18 4 0
github.com/zscaler/terraform-provider-zia/v2/zia/utils.go:92.18,94.19 2 0
github.com/zscaler/terraform-provider-zia/v2/zia/utils.go:94.19,96.6 1 0
github.com/zscaler/terraform-provider-zia/v2/zia/utils.go:100.2,100.12 1 18
github.com/zscaler/terraform-provider-zia/v2/zia/utils.go:103.232,106.16 3 0
github.com/zscaler/terraform-provider-zia/v2/zia/utils.go:106.16,109.3 2 0
github.com/zscaler/terraform-provider-zia/v2/zia/utils.go:111.2,111.29 1 0
github.com/zscaler/terraform-provider-zia/v2/zia/utils.go:111.29,114.49 3 0
github.com/zscaler/terraform-provider-zia/v2/zia/utils.go:114.49,115.26 1 0
github.com/zscaler/terraform-provider-zia/v2/zia/utils.go:115.26,117.5 1 0
github.com/zscaler/terraform-provider-zia/v2/zia/utils.go:117.10,119.5 1 0
github.com/zscaler/terraform-provider-zia/v2/zia/utils.go:121.3,121.19 1 0
github.com/zscaler/terraform-provider-zia/v2/zia/utils.go:121.19,125.18 4 0
github.com/zscaler/terraform-provider-zia/v2/zia/utils.go:125.18,127.19 2 0
github.com/zscaler/terraform-provider-zia/v2/zia/utils.go:127.19,129.6 1 0
github.com/zscaler/terraform-provider-zia/v2/zia/utils.go:133.2,133.12 1 0
github.com/zscaler/terraform-provider-zia/v2/zia/utils.go:136.81,139.9 2 0
github.com/zscaler/terraform-provider-zia/v2/zia/utils.go:139.9,142.3 2 0
github.com/zscaler/terraform-provider-zia/v2/zia/utils.go:143.2,143.23 1 0
github.com/zscaler/terraform-provider-zia/v2/zia/utils.go:143.23,145.3 1 0
github.com/zscaler/terraform-provider-zia/v2/zia/utils.go:146.2,146.8 1 0
github.com/zscaler/terraform-provider-zia/v2/zia/utils.go:149.82,152.9 2 0
github.com/zscaler/terraform-provider-zia/v2/zia/utils.go:152.9,155.3 2 0
github.com/zscaler/terraform-provider-zia/v2/zia/utils.go:156.2,156.25 1 0
github.com/zscaler/terraform-provider-zia/v2/zia/utils.go:156.25,158.3 1 0
github.com/zscaler/terraform-provider-zia/v2/zia/utils.go:159.2,159.8 1 0
github.com/zscaler/terraform-provider-zia/v2/zia/utils.go:162.82,164.16 2 40
github.com/zscaler/terraform-provider-zia/v2/zia/utils.go:164.16,166.3 1 40
github.com/zscaler/terraform-provider-zia/v2/zia/utils.go:167.2,168.16 2 0
github.com/zscaler/terraform-provider-zia/v2/zia/utils.go:168.16,170.3 1 0
github.com/zscaler/terraform-provider-zia/v2/zia/utils.go:171.2,171.71 1 0
github.com/zscaler/terraform-provider-zia/v2/zia/utils.go:175.50,177.2 1 18
github.com/zscaler/terraform-provider-zia/v2/zia/utils.go:180.52,181.26 1 3
github.com/zscaler/terraform-provider-zia/v2/zia/utils.go:181.26,182.19 1 3
github.com/zscaler/terraform-provider-zia/v2/zia/utils.go:182.19,184.4 1 3
github.com/zscaler/terraform-provider-zia/v2/zia/utils.go:186.2,186.14 1 0
github.com/zscaler/terraform-provider-zia/v2/zia/utils.go:190.47,196.16 4 9
github.com/zscaler/terraform-provider-zia/v2/zia/utils.go:196.16,198.3 1 0
github.com/zscaler/terraform-provider-zia/v2/zia/utils.go:200.2,201.12 2 9
github.com/zscaler/terraform-provider-zia/v2/zia/utils.go:205.28,207.13 2 97
github.com/zscaler/terraform-provider-zia/v2/zia/utils.go:207.13,209.3 1 97
github.com/zscaler/terraform-provider-zia/v2/zia/utils.go:210.2,211.16 2 0
github.com/zscaler/terraform-provider-zia/v2/zia/utils.go:211.16,214.3 2 0
github.com/zscaler/terraform-provider-zia/v2/zia/utils.go:215.2,215.23 1 0
github.com/zscaler/terraform-provider-zia/v2/zia/validator.go:22.69,23.61 1 8
github.com/zscaler/terraform-provider-zia/v2/zia/validator.go:23.61,25.10 2 35
github.com/zscaler/terraform-provider-zia/v2/zia/validator.go:25.10,33.4 1 0
github.com/zscaler/terraform-provider-zia/v2/zia/validator.go:36.3,40.104 3 35
github.com/zscaler/terraform-provider-zia/v2/zia/validator.go:40.104,41.29 1 0
github.com/zscaler/terraform-provider-zia/v2/zia/validator.go:41.29,43.5 1 0
github.com/zscaler/terraform-provider-zia/v2/zia/validator.go:46.3,46.15 1 35
github.com/zscaler/terraform-provider-zia/v2/zia/validator.go:54.73,55.61 1 4
github.com/zscaler/terraform-provider-zia/v2/zia/validator.go:55.61,57.10 2 315
github.com/zscaler/terraform-provider-zia/v2/zia/validator.go:57.10,65.4 1 0
github.com/zscaler/terraform-provider-zia/v2/zia/validator.go:68.3,72.117 3 315
github.com/zscaler/terraform-provider-zia/v2/zia/validator.go:72.117,73.29 1 0
github.com/zscaler/terraform-provider-zia/v2/zia/validator.go:73.29,75.5 1 0
github.com/zscaler/terraform-provider-zia/v2/zia/validator.go:78.3,78.15 1 315
github.com/zscaler/terraform-provider-zia/v2/zia/validator.go:88.68,89.61 1 4
github.com/zscaler/terraform-provider-zia/v2/zia/validator.go:89.61,91.10 2 35
github.com/zscaler/terraform-provider-zia/v2/zia/validator.go:91.10,99.4 1 0
github.com/zscaler/terraform-provider-zia/v2/zia/validator.go:102.3,106.112 3 35
github.com/zscaler/terraform-provider-zia/v2/zia/validator.go:106.112,107.29 1 0
github.com/zscaler/terraform-provider-zia/v2/zia/validator.go:107.29,109.5 1 0
github.com/zscaler/terraform-provider-zia/v2/zia/validator.go:112.3,112.15 1 35
github.com/zscaler/terraform-provider-zia/v2/zia/validator.go:124.66,125.61 1 4
github.com/zscaler/terraform-provider-zia/v2/zia/validator.go:125.61,127.10 2 140
github.com/zscaler/terraform-provider-zia/v2/zia/validator.go:127.10,135.4 1 0
github.com/zscaler/terraform-provider-zia/v2/zia/validator.go:138.3,142.110 3 140
github.com/zscaler/terraform-provider-zia/v2/zia/validator.go:142.110,143.29 1 0
github.com/zscaler/terraform-provider-zia/v2/zia/validator.go:143.29,145.5 1 0
github.com/zscaler/terraform-provider-zia/v2/zia/validator.go:148.3,148.15 1 140
github.com/zscaler/terraform-provider-zia/v2/zia/validator.go:156.61,157.61 1 4
github.com/zscaler/terraform-provider-zia/v2/zia/validator.go:157.61,159.10 2 280
github.com/zscaler/terraform-provider-zia/v2/zia/validator.go:159.10,167.4 1 0
github.com/zscaler/terraform-provider-zia/v2/zia/validator.go:170.3,174.105 3 280
github.com/zscaler/terraform-provider-zia/v2/zia/validator.go:174.105,175.29 1 0
github.com/zscaler/terraform-provider-zia/v2/zia/validator.go:175.29,177.5 1 0
github.com/zscaler/terraform-provider-zia/v2/zia/validator.go:180.3,180.15 1 280
github.com/zscaler/terraform-provider-zia/v2/zia/validator.go:184.65,185.61 1 4
github.com/zscaler/terraform-provider-zia/v2/zia/validator.go:185.61,187.10 2 35
github.com/zscaler/terraform-provider-zia/v2/zia/validator.go:187.10,195.4 1 0
github.com/zscaler/terraform-provider-zia/v2/zia/validator.go:198.3,202.109 3 35
github.com/zscaler/terraform-provider-zia/v2/zia/validator.go:202.109,203.29 1 0
github.com/zscaler/terraform-provider-zia/v2/zia/validator.go:203.29,205.5 1 0
github.com/zscaler/terraform-provider-zia/v2/zia/validator.go:208.3,208.15 1 35
github.com/zscaler/terraform-provider-zia/v2/zia/validator.go:212.74,213.61 1 4
github.com/zscaler/terraform-provider-zia/v2/zia/validator.go:213.61,217.10 3 34
github.com/zscaler/terraform-provider-zia/v2/zia/validator.go:217.10,224.4 2 0
github.com/zscaler/terraform-provider-zia/v2/zia/validator.go:227.3,227.21 1 34
github.com/zscaler/terraform-provider-zia/v2/zia/validator.go:227.21,229.4 1 0
github.com/zscaler/terraform-provider-zia/v2/zia/validator.go:231.3,231.70 1 34
github.com/zscaler/terraform-provider-zia/v2/zia/validator.go:231.70,237.4 1 0
github.com/zscaler/terraform-provider-zia/v2/zia/validator.go:239.3,239.15 1 34
github.com/zscaler/terraform-provider-zia/v2/zia/validator.go:247.74,248.61 1 4
github.com/zscaler/terraform-provider-zia/v2/zia/validator.go:248.61,250.10 2 34
github.com/zscaler/terraform-provider-zia/v2/zia/validator.go:250.10,258.4 1 0
github.com/zscaler/terraform-provider-zia/v2/zia/validator.go:261.3,265.116 3 34
github.com/zscaler/terraform-provider-zia/v2/zia/validator.go:265.116,266.29 1 0
github.com/zscaler/terraform-provider-zia/v2/zia/validator.go:266.29,268.5 1 0
github.com/zscaler/terraform-provider-zia/v2/zia/validator.go:271.3,271.15 1 34
github.com/zscaler/terraform-provider-zia/v2/zia/validator.go:277.86,282.9 4 0
github.com/zscaler/terraform-provider-zia/v2/zia/validator.go:282.9,285.3 2 0
github.com/zscaler/terraform-provider-zia/v2/zia/validator.go:288.2,288.37 1 0
github.com/zscaler/terraform-provider-zia/v2/zia/validator.go:288.37,290.3 1 0
github.com/zscaler/terraform-provider-zia/v2/zia/validator.go:293.2,293.46 1 0
github.com/zscaler/terraform-provider-zia/v2/zia/validator.go:293.46,296.3 2 0
github.com/zscaler/terraform-provider-zia/v2/zia/validator.go:298.2,298.25 1 0
github.com/zscaler/terraform-provider-zia/v2/zia/validator.go:308.74,309.61 1 4
github.com/zscaler/terraform-provider-zia/v2/zia/validator.go:309.61,311.10 2 0
github.com/zscaler/terraform-provider-zia/v2/zia/validator.go:311.10,319.4 1 0
github.com/zscaler/terraform-provider-zia/v2/zia/validator.go:322.3,326.118 3 0
github.com/zscaler/terraform-provider-zia/v2/zia/validator.go:326.118,327.29 1 0
github.com/zscaler/terraform-provider-zia/v2/zia/validator.go:327.29,329.5 1 0
github.com/zscaler/terraform-provider-zia/v2/zia/validator.go:332.3,332.15 1 0
github.com/zscaler/terraform-provider-zia/v2/zia/validator.go:340.73,341.61 1 4
github.com/zscaler/terraform-provider-zia/v2/zia/validator.go:341.61,343.10 2 0
github.com/zscaler/terraform-provider-zia/v2/zia/validator.go:343.10,351.4 1 0
github.com/zscaler/terraform-provider-zia/v2/zia/validator.go:354.3,358.117 3 0
github.com/zscaler/terraform-provider-zia/v2/zia/validator.go:358.117,359.29 1 0
github.com/zscaler/terraform-provider-zia/v2/zia/validator.go:359.29,361.5 1 0
github.com/zscaler/terraform-provider-zia/v2/zia/validator.go:364.3,364.15 1 0
github.com/zscaler/terraform-provider-zia/v2/zia/validator.go:368.66,373.20 2 3
github.com/zscaler/terraform-provider-zia/v2/zia/validator.go:373.20,375.42 1 0
github.com/zscaler/terraform-provider-zia/v2/zia/validator.go:375.42,376.61 1 0
github.com/zscaler/terraform-provider-zia/v2/zia/validator.go:376.61,378.5 1 0
github.com/zscaler/terraform-provider-zia/v2/zia/validator.go:382.2,382.12 1 3
github.com/zscaler/terraform-provider-zia/v2/zia/validator.go:385.68,387.61 1 3
github.com/zscaler/terraform-provider-zia/v2/zia/validator.go:387.61,389.3 1 0
github.com/zscaler/terraform-provider-zia/v2/zia/validator.go:391.2,396.84 3 3
github.com/zscaler/terraform-provider-zia/v2/zia/validator.go:396.84,398.3 1 3
github.com/zscaler/terraform-provider-zia/v2/zia/validator.go:400.2,400.51 1 0
github.com/zscaler/terraform-provider-zia/v2/zia/validator.go:400.51,402.3 1 0
github.com/zscaler/terraform-provider-zia/v2/zia/validator.go:404.2,404.34 1 0
github.com/zscaler/terraform-provider-zia/v2/zia/validator.go:404.34,409.3 1 0
github.com/zscaler/terraform-provider-zia/v2/zia/validator.go:409.8,414.3 1 0
github.com/zscaler/terraform-provider-zia/v2/zia/validator.go:415.2,415.41 1 0
github.com/zscaler/terraform-provider-zia/v2/zia/validator.go:415.41,416.44 1 0
github.com/zscaler/terraform-provider-zia/v2/zia/validator.go:416.44,418.4 1 0
github.com/zscaler/terraform-provider-zia/v2/zia/validator.go:421.2,421.12 1 0
github.com/zscaler/terraform-provider-zia/v2/zia/validator.go:459.64,460.61 1 8
github.com/zscaler/terraform-provider-zia/v2/zia/validator.go:460.61,462.10 2 140
github.com/zscaler/terraform-provider-zia/v2/zia/validator.go:462.10,470.4 1 0
github.com/zscaler/terraform-provider-zia/v2/zia/validator.go:473.3,477.108 3 140
github.com/zscaler/terraform-provider-zia/v2/zia/validator.go:477.108,478.29 1 0
github.com/zscaler/terraform-provider-zia/v2/zia/validator.go:478.29,480.5 1 0
github.com/zscaler/terraform-provider-zia/v2/zia/validator.go:483.3,483.15 1 140
